[3:46:41] [LOGIN] Dave has logged in. Player: Dave
[4:26:13] [LOGIN] Dave has logged in. Player: Dave
[4:40:54] [LOGIN] Dave has logged in. Player: Dave
[13:13:46] [LOGIN] Dave has logged in. Player: Dave
[14:37:53] [LOGIN] Dave has logged in. Player: Dave
[15:9:3] [LOGIN] Dave has logged in. Player: Dave
[16:22:0] [LOGIN] Dave has logged in. Player: Dave
[17:31:44] [LOGIN] Dave has logged in. Player: Dave
[19:0:8] [LOGIN] Dave has logged in. Player: Dave
[21:55:42] [LOGIN] dolan has logged in. Player: Dolan_Bandolero
[2:36:55] [REGISTER]: Dave registered this account. Initial player: AllegedCandy68
[3:27:55] [REGISTER]: dolanpls registered this account. Initial player: Dolan_Bandolero
[9:40:5] [REGISTER]: Psycho-Dad registered this account. Initial player: Psycho-Dad
[9:45:2] [LOGIN] Psycho-Dad has logged in. Player: Psycho-Dad
[13:57:3] [LOGIN] Dave has logged in. Player: Rick
[14:3:8] [LOGIN] Dave has logged in. Player: Rick
[14:21:34] [LOGIN] Dave has logged in. Player: Rick
[14:56:32] [LOGIN] Dave has logged in. Player: Rick
[15:8:29] [LOGIN] Dave has logged in. Player: Rick
[15:13:27] [LOGIN] Dave has logged in. Player: Rick
[22:10:55] [LOGIN] Dave has logged in. Player: Rick
[22:39:15] [LOGIN] Dave has logged in. Player: Rick
[22:56:27] [REGISTER]: Wolf.Black registered this account. Initial player: Wolf_Black
[23:21:32] [REGISTER]: lauvera registered this account. Initial player: Lauvera
[23:29:10] [LOGIN] Dave has logged in. Player: Rick
[23:41:36] [LOGIN] lauvera has logged in. Player: Lauvera
[23:50:51] [LOGIN] lauvera has logged in. Player: Lauvera
[0:12:45] [LOGIN] lauvera has logged in. Player: Lauvera
[0:13:43] [LOGIN] Wolf.Black has logged in. Player: Wolf_Black
[0:21:48] [LOGIN] Wolf.Black has logged in. Player: Wolf_Black
[0:28:35] [LOGIN] lauvera has logged in. Player: Lauvera
[0:31:44] [LOGIN] lauvera has logged in. Player: Lauvera
[0:39:54] [LOGIN] lauvera has logged in. Player: Lauvera
[0:41:34] [LOGIN] lauvera has logged in. Player: Lauvera
[0:41:36] [LOGIN] lauvera has logged in. Player: Lauvera
[0:41:38] [LOGIN] lauvera has logged in. Player: Lauvera
[0:41:38] [LOGIN] lauvera has logged in. Player: Lauvera
[0:41:39] [LOGIN] lauvera has logged in. Player: Lauvera
[0:41:39] [LOGIN] lauvera has logged in. Player: Lauvera
[0:41:40] [LOGIN] lauvera has logged in. Player: Lauvera
[0:41:40] [LOGIN] lauvera has logged in. Player: Lauvera
[0:41:40] [LOGIN] lauvera has logged in. Player: Lauvera
[0:41:40] [LOGIN] lauvera has logged in. Player: Lauvera
[0:41:40] [LOGIN] lauvera has logged in. Player: Lauvera
[0:41:40] [LOGIN] lauvera has logged in. Player: Lauvera
[0:41:41] [LOGIN] lauvera has logged in. Player: Lauvera
[0:41:41] [LOGIN] lauvera has logged in. Player: Lauvera
[0:41:41] [LOGIN] lauvera has logged in. Player: Lauvera
[0:41:41] [LOGIN] lauvera has logged in. Player: Lauvera
[0:41:42] [LOGIN] lauvera has logged in. Player: Lauvera
[0:41:49] [LOGIN] lauvera has logged in. Player: Lauvera
[0:41:49] [LOGIN] lauvera has logged in. Player: Lauvera
[0:41:50] [LOGIN] lauvera has logged in. Player: Lauvera
[0:41:50] [LOGIN] lauvera has logged in. Player: Lauvera
[0:41:50] [LOGIN] lauvera has logged in. Player: Lauvera
[0:41:51] [LOGIN] lauvera has logged in. Player: Lauvera
[0:41:51] [LOGIN] lauvera has logged in. Player: Lauvera
[0:41:51] [LOGIN] lauvera has logged in. Player: Lauvera
[0:41:51] [LOGIN] lauvera has logged in. Player: Lauvera
[0:43:25] [LOGIN] lauvera has logged in. Player: Lauvera
[0:58:22] [LOGIN] lauvera has logged in. Player: Lauvera
[1:0:23] [LOGIN] Dave has logged in. Player: Rick
[1:5:44] [LOGIN] Wolf.Black has logged in. Player: Wolf_Black
[1:11:2] [LOGIN] dolanpls has logged in. Player: Dolan_Bandolero
[1:24:18] [LOGIN] lauvera has logged in. Player: Lauvera
[1:29:47] [LOGIN] lauvera has logged in. Player: Lauvera
[2:8:0] [LOGIN] lauvera has logged in. Player: Lauvera
[2:28:13] [LOGIN] lauvera has logged in. Player: Lauvera
[13:25:1] [LOGIN] Dave has logged in. Player: Rick
[15:51:19] [LOGIN] lauvera has logged in. Player: Lauvera
[16:47:28] [LOGIN] lauvera has logged in. Player: Lauvera
[16:49:14] [REGISTER]: Lauvera0 registered this account. Initial player: Lauvera
[17:6:11] [LOGIN] Lauvera0 has logged in. Player: Lauvera
[20:10:23] [REGISTER]: benja registered this account. Initial player: pfa_benja_atr
[0:27:1] [LOGIN] Dave has logged in. Player: Rick
[3:50:38] [LOGIN] Lauvera0 has logged in. Player: Lauvera
[3:52:57] [LOGIN] Wolf.Black has logged in. Player: Wolf_Black
[4:5:24] [LOGIN] Lauvera0 has logged in. Player: Lauvera
[4:13:9] [LOGIN] Wolf.Black has logged in. Player: Wolf_Black
[4:17:55] [LOGIN] Wolf.Black has logged in. Player: Wolf_Black
[4:21:25] [LOGIN] Lauvera0 has logged in. Player: Lauvera
[11:46:18] [LOGIN] Dave has logged in. Player: Rick
[19:59:22] [LOGIN] Wolf.Black has logged in. Player: Wolf_Black
[20:25:42] [LOGIN] Wolf.Black has logged in. Player: Wolf_Black
[20:27:15] [LOGIN] Wolf.Black has logged in. Player: Wolf_Black
[20:28:23] [LOGIN] Lauvera0 has logged in. Player: Lauvera
[20:28:45] [REGISTER]: Wolf.Black2017 registered this account. Initial player: Wolf_Black
[20:42:12] [LOGIN] Wolf.Black2017 has logged in. Player: Wolf_Black
[21:29:36] [LOGIN] Lauvera0 has logged in. Player: Lauvera
[21:30:42] [LOGIN] Wolf.Black2017 has logged in. Player: Wolf_Black
[22:0:45] [LOGIN] Lauvera0 has logged in. Player: Lauvera
[22:19:38] [LOGIN] Wolf.Black2017 has logged in. Player: Wolf_Black
[22:19:39] [LOGIN] Wolf.Black2017 has logged in. Player: Wolf_Black
[16:43:7] [LOGIN] dolanpls has logged in. Player: Dolan_Bandolero
[23:28:24] [LOGIN] dolanpls has logged in. Player: Dolan_Bandolero
[1:22:31] [LOGIN] Dave has logged in. Player: Rick
[2:33:23] [LOGIN] Dave has logged in. Player: Rick
[2:45:16] [LOGIN] Dave has logged in. Player: Rick
[12:25:43] [REGISTER]: mathius2296 registered this account. Initial player: mathius
[12:45:58] [REGISTER]: PabloG20 registered this account. Initial player: PabloG20
[13:52:23] [LOGIN] Dave has logged in. Player: Rick
[14:7:7] [LOGIN] Dave has logged in. Player: Rick
[20:25:27] [LOGIN] Dave has logged in. Player: Rick
[1:4:19] [LOGIN] Dave has logged in. Player: ALittlePrick
[12:14:53] [LOGIN] PabloG20 has logged in. Player: PabloG20
[12:37:27] [LOGIN] Dave has logged in. Player: ALittlePrick
[12:40:8] [LOGIN] Dave has logged in. Player: ALittlePrick
[13:5:23] [LOGIN] Dave has logged in. Player: ALittlePrick
[13:8:34] [LOGIN] PabloG20 has logged in. Player: PabloG20
[13:23:27] [LOGIN] PabloG20 has logged in. Player: PabloG20
[13:27:30] [LOGIN] PabloG20 has logged in. Player: PabloG20
[13:36:51] [LOGIN] PabloG20 has logged in. Player: PabloG20
[13:43:18] [LOGIN] PabloG20 has logged in. Player: PabloG20
[13:44:40] [REGISTER]: Devon registered this account. Initial player: #6C3483[+]De#283747von
[13:48:22] [LOGIN] PabloG20 has logged in. Player: PabloG20
[13:54:12] [LOGIN] PabloG20 has logged in. Player: PabloG20
[14:11:38] [REGISTER]: Onne registered this account. Initial player: Scofield
[15:32:24] [REGISTER]: levii registered this account. Initial player: [G.C]levii
[17:6:7] [LOGIN] Dave has logged in. Player: ALittlePrick
[17:16:26] [LOGIN] Dave has logged in. Player: ALittlePrick
[17:53:35] [LOGIN] Dave has logged in. Player: ALittlePrick
[18:5:54] [LOGIN] Dave has logged in. Player: ALittlePrick
[18:20:1] [LOGIN] Dave has logged in. Player: ALittlePrick
[18:33:18] [LOGIN] Dave has logged in. Player: ALittlePrick
[19:18:50] [REGISTER]: EMINEM123 registered this account. Initial player: EMINEM123
[19:35:32] [REGISTER]: FlexedPrawn7 registered this account. Initial player: FlexedPrawn7
[19:50:41] [REGISTER]: juanman08 registered this account. Initial player: PossiblePolenta29
[19:52:23] [LOGIN] juanman08 has logged in. Player: PossiblePolenta29
[19:52:23] [LOGIN] juanman08 has logged in. Player: PossiblePolenta29
[20:18:47] [LOGIN] Devon has logged in. Player: #6C3483[+]De#283747von
[20:36:32] [LOGIN] juanman08 has logged in. Player: PossiblePolenta29
[20:49:26] [LOGIN] juanman08 has logged in. Player: PossiblePolenta29
[21:5:1] [REGISTER]: Agus_XD_123 registered this account. Initial player: AgusXD
[21:25:57] [REGISTER]: Luchi_XD_123 registered this account. Initial player: LuchiXD123
[21:25:57] [LOGIN] Agus_XD_123 has logged in. Player: AgusXD
[21:31:14] [LOGIN] juanman08 has logged in. Player: PossiblePolenta29
[9:38:47] [LOGIN] Dave has logged in. Player: ALittlePrick
[9:52:9] [REGISTER]: daniel saavedra  registered this account. Initial player: Danielgamer
[11:45:0] [LOGIN] levii has logged in. Player: [G.C]levii
[12:29:46] [LOGIN] Dave has logged in. Player: ALittlePrick
[13:7:47] [REGISTER]: Owen registered this account. Initial player: Owen
[15:1:43] [REGISTER]: sprite registered this account. Initial player: sprite-YouTube
[15:5:44] [LOGIN] Dave has logged in. Player: ALittlePrick
[15:14:3] [LOGIN] Dave has logged in. Player: ALittlePrick
[15:20:3] [LOGIN] Dave has logged in. Player: ALittlePrick
[16:35:6] [LOGIN] sprite has logged in. Player: sprite-YouTube
[18:20:41] [REGISTER]: reinefasto registered this account. Initial player: |BTS|Rei
[19:27:6] [LOGIN] sprite has logged in. Player: sprite-YouTube
[19:34:40] [REGISTER]: sane4ek registered this account. Initial player: LeonKennedy
[19:42:26] [LOGIN] juanman08 has logged in. Player: PossiblePolenta29
[20:40:10] [LOGIN] levii has logged in. Player: [G.C]levii
[20:42:4] [REGISTER]: WILLIAM registered this account. Initial player: WILLIAM
[20:45:50] [LOGIN] sprite has logged in. Player: sprite-YouTube
[20:47:51] [LOGIN] sprite has logged in. Player: sprite-YouTube
[21:22:38] [LOGIN] Dave has logged in. Player: ALittlePrick
[21:49:40] [LOGIN] dolanpls has logged in. Player: Dolan_Bandolero
[11:30:8] [REGISTER]: Scrake registered this account. Initial player: ~Leone!
[11:50:5] [LOGIN] Dave has logged in. Player: ALittlePrick
[12:52:28] [LOGIN] Dave has logged in. Player: ALittlePrick
[13:41:46] [LOGIN] Dave has logged in. Player: ALittlePrick
[14:49:37] [REGISTER]: inroot registered this account. Initial player: inroot
[20:20:44] [LOGIN] Lauvera0 has logged in. Player: Lauvera
[20:21:23] [LOGIN] Wolf.Black2017 has logged in. Player: Wolf_Black
[11:24:48] [LOGIN] Dave has logged in. Player: ALittlePrick
[12:26:38] [LOGIN] juanman08 has logged in. Player: PossiblePolenta29
[12:58:35] [LOGIN] juanman08 has logged in. Player: PossiblePolenta29
[13:4:19] [REGISTER]: Lucifer registered this account. Initial player: Lucifer
[13:18:23] [LOGIN] Lucifer has logged in. Player: Lucifer
[13:41:36] [LOGIN] juanman08 has logged in. Player: PossiblePolenta29
[14:7:3] [LOGIN] juanman08 has logged in. Player: PossiblePolenta29
[14:7:3] [LOGIN] juanman08 has logged in. Player: PossiblePolenta29
[14:7:4] [LOGIN] juanman08 has logged in. Player: PossiblePolenta29
[14:7:8] [LOGIN] juanman08 has logged in. Player: PossiblePolenta29
[14:7:8] [LOGIN] juanman08 has logged in. Player: PossiblePolenta29
[14:7:8] [LOGIN] juanman08 has logged in. Player: PossiblePolenta29
[14:7:8] [LOGIN] juanman08 has logged in. Player: PossiblePolenta29
[14:7:8] [LOGIN] juanman08 has logged in. Player: PossiblePolenta29
[14:7:8] [LOGIN] juanman08 has logged in. Player: PossiblePolenta29
[14:25:26] [LOGIN] juanman08 has logged in. Player: PossiblePolenta29
[14:25:26] [LOGIN] juanman08 has logged in. Player: PossiblePolenta29
[15:25:43] [LOGIN] Dave has logged in. Player: ALittlePrick
[17:36:36] [LOGIN] Dave has logged in. Player: ALittlePrick
[19:2:11] [LOGIN] juanman08 has logged in. Player: PossiblePolenta29
[19:3:19] [LOGIN] juanman08 has logged in. Player: PossiblePolenta29
[19:16:38] [LOGIN] juanman08 has logged in. Player: PossiblePolenta29
[19:17:54] [REGISTER]: #000000TheThaFan registered this account. Initial player: #000000TheThaFan
[19:40:56] [LOGIN] juanman08 has logged in. Player: PossiblePolenta29
[19:40:57] [LOGIN] juanman08 has logged in. Player: PossiblePolenta29
[1:1:9] [LOGIN] Dave has logged in. Player: ALittlePrick
[1:22:23] [LOGIN] juanman08 has logged in. Player: PossiblePolenta29
[1:35:9] [LOGIN] dolanpls has logged in. Player: Dolan_Bandolero
[2:17:16] [LOGIN] Dave has logged in. Player: ALittlePrick
[2:20:37] [REGISTER]: ChilimoNJC registered this account. Initial player: ChilimoN
[2:22:47] [LOGIN] juanman08 has logged in. Player: PossiblePolenta29
[2:24:50] [REGISTER]: osiBLK registered this account. Initial player: Fw~#ff0040Was#0d47a1on
[2:27:45] [LOGIN] juanman08 has logged in. Player: PossiblePolenta29
[2:30:20] [LOGIN] Dave has logged in. Player: ALittlePrick
[2:34:23] [LOGIN] juanman08 has logged in. Player: PossiblePolenta29
[2:43:31] [LOGIN] juanman08 has logged in. Player: PossiblePolenta29
[2:44:39] [LOGIN] juanman08 has logged in. Player: PossiblePolenta29
[2:47:17] [LOGIN] juanman08 has logged in. Player: PossiblePolenta29
[2:49:47] [LOGIN] ChilimoNJC has logged in. Player: ChilimoN
[2:54:2] [LOGIN] juanman08 has logged in. Player: PossiblePolenta29
[2:55:13] [LOGIN] juanman08 has logged in. Player: PossiblePolenta29
[2:55:14] [LOGIN] juanman08 has logged in. Player: PossiblePolenta29
[12:3:52] [LOGIN] juanman08 has logged in. Player: PossiblePolenta29
[12:32:42] [LOGIN] Dave has logged in. Player: ALittlePrick
[12:35:6] [LOGIN] Dave has logged in. Player: ALittlePrick
[12:59:42] [LOGIN] juanman08 has logged in. Player: PossiblePolenta29
[13:18:48] [LOGIN] juanman08 has logged in. Player: PossiblePolenta29
[13:23:55] [LOGIN] Dave has logged in. Player: ALittlePrick
[13:24:13] [LOGIN] juanman08 has logged in. Player: PossiblePolenta29
[13:27:37] [LOGIN] juanman08 has logged in. Player: PossiblePolenta29
[13:28:57] [LOGIN] juanman08 has logged in. Player: PossiblePolenta29
[14:4:58] [REGISTER]: Sayels registered this account. Initial player: Sayels
[14:10:4] [REGISTER]: edgaras registered this account. Initial player: #Q#0000ffuAtTrO:..
[14:12:47] [LOGIN] Dave has logged in. Player: ALittlePrick
[14:28:42] [LOGIN] edgaras has logged in. Player: #Q#0000ffuAtTrO:..
[15:16:4] [REGISTER]: Kaito registered this account. Initial player: Kaito
[15:24:43] [LOGIN] Kaito has logged in. Player: Kaito
[15:32:50] [LOGIN] Kaito has logged in. Player: Kaito
[20:39:20] [LOGIN] juanman08 has logged in. Player: PossiblePolenta29
[20:46:53] [LOGIN] Dave has logged in. Player: |FW|Asdfmovie
[1:33:52] [REGISTER]: Scr34mik registered this account. Initial player: VivaciousEclipse83
[2:17:55] [REGISTER]: #000000[I]ce~Hank registered this account. Initial player: #000000[I]ce~Hank
[2:18:14] [REGISTER]: PinPollo registered this account. Initial player: [I]ce~Pin#FFCC00Pollo$
[2:39:42] [LOGIN] PinPollo has logged in. Player: [I]ce~Pin#FFCC00Pollo$
[2:40:31] [LOGIN] PinPollo has logged in. Player: [I]ce~Pin#FFCC00Pollo$
[2:41:58] [REGISTER]: pinpoll registered this account. Initial player: [I]ce~Pin#FFCC00Pollo$
[2:52:58] [LOGIN] Dave has logged in. Player: |FW|Asdfmovie
[3:8:12] [LOGIN] Dave has logged in. Player: ALittlePrick
[3:10:50] [LOGIN] Dave has logged in. Player: ALittlePrick
[3:47:16] [LOGIN] #000000[I]ce~Hank has logged in. Player: #FF0000[I]ce~Hank
[3:47:23] [LOGIN] Dave has logged in. Player: ALittlePrick
[5:56:43] [LOGIN] edgaras has logged in. Player: #Q#0000ffuAtTrO:..
[5:57:42] [REGISTER]: edgaras19 registered this account. Initial player: #Q#0000ffuAtTrO:..
[14:19:56] [LOGIN] Dave has logged in. Player: ALittlePrick
[14:44:52] [LOGIN] Dave has logged in. Player: ALittlePrick
[15:9:35] [LOGIN] Dave has logged in. Player: ALittlePrick
[15:55:57] [LOGIN] pinpoll has logged in. Player: [I]ce~Pin#FFCC00Pollo
[16:7:27] [LOGIN] WILLIAM has logged in. Player: WILLIAM
[17:4:28] [LOGIN] Dave has logged in. Player: ALittlePrick
[18:27:28] [LOGIN] Dave has logged in. Player: ALittlePrick
[18:51:1] [LOGIN] #000000[I]ce~Hank has logged in. Player: #FF0000[I]ce~Hank
[18:59:19] [LOGIN] Dave has logged in. Player: ALittlePrick
[19:49:27] [LOGIN] #000000[I]ce~Hank has logged in. Player: #FF0000[I]ce~Hank
[20:8:16] [LOGIN] Dave has logged in. Player: ALittlePrick
[21:2:46] [LOGIN] Dave has logged in. Player: ALittlePrick
[21:14:16] [LOGIN] #000000[I]ce~Hank has logged in. Player: #FF0000[I]ce~Hank
[22:27:3] [LOGIN] #000000[I]ce~Hank has logged in. Player: #FF0000[I]ce~Hank
[13:14:0] [LOGIN] Dave has logged in. Player: ALittlePrick
[14:39:6] [LOGIN] Dave has logged in. Player: ALittlePrick
[15:13:46] [LOGIN] Dave has logged in. Player: ALittlePrick
[15:18:58] [REGISTER]: kazadorcris registered this account. Initial player: kazadorcris
[15:29:18] [REGISTER]: ELMASTER72 registered this account. Initial player: ELMASTER72
[15:30:9] [LOGIN] #000000[I]ce~Hank has logged in. Player: #000000[I]ce~Hank
[15:30:43] [LOGIN] pinpoll has logged in. Player: [I]cePin#FFCC00Pollo+*
[15:30:44] [LOGIN] pinpoll has logged in. Player: [I]cePin#FFCC00Pollo+*
[15:38:16] [LOGIN] ELMASTER72 has logged in. Player: ELMASTER72
[15:45:21] [REGISTER]: david580pro registered this account. Initial player: david580pro
[16:28:21] [LOGIN] Dave has logged in. Player: ALittlePrick
