[03:52:12] Dave got an item via DayZ Admin Panel: Revolver(x1) by Dave
[03:52:24] Dave got an item via DayZ Admin Panel: Backpack (Coyote)(x1) by Dave
[03:52:56] Dave got an item via DayZ Admin Panel: 11.43x23mm Cartridge(x50) by Dave
[04:47:21] Dave got an item via DayZ Admin Panel: GPS(x1) by Dave
[04:47:25] Dave got an item via DayZ Admin Panel: Map(x1) by Dave
[15:09:59] Dave got an item via DayZ Admin Panel: Czech Backpack(x1) by Dave
[15:10:28] Dave got an item via DayZ Admin Panel: Hatchet(x1) by Dave
[16:23:35] Dave got an item via DayZ Admin Panel: Tire(x4) by Dave
[16:23:46] Dave got an item via DayZ Admin Panel: Full Gas Canister(x1) by Dave
[16:37:52] Dave got an item via DayZ Admin Panel: DIY (Wood)(x2) by Dave
[16:03:3] Dave got an item via DayZ Admin Panel: Log(x1) by Dave
[16:42:47] Dave got an item via DayZ Admin Panel: Stone(x2) by Dave
[01:56:36] dolanpls got an item via DayZ Admin Panel: Czech Backpack(x1) by dolanpls
[01:06:6] dolanpls got an item via DayZ Admin Panel: Map(x1) by dolanpls
[01:58:36] dolanpls got an item via DayZ Admin Panel: Main Rotary Parts(x1) by dolanpls
[01:58:44] dolanpls got an item via DayZ Admin Panel: Tire(x2) by dolanpls
[02:07:7] dolanpls got an item via DayZ Admin Panel: Main Rotary Parts(x1) by dolanpls
[02:03:36] dolanpls got an item via DayZ Admin Panel: Area 69 Keycard(x5) by dolanpls
[02:22:30] dolanpls got an item via DayZ Admin Panel: 5.56x45mm Cartridge(x30) by dolanpls
[02:23:13] dolanpls got an item via DayZ Admin Panel: 5.56x45mm Cartridge(x500) by dolanpls
[02:23:14] dolanpls got an item via DayZ Admin Panel: 5.56x45mm Cartridge(x500) by dolanpls
[02:23:47] dolanpls got an item via DayZ Admin Panel: Full Gas Canister(x5) by dolanpls
[11:56:11] Dave got an item via DayZ Admin Panel: Hatchet(x1) by Dave
[16:45:10] dolanpls got an item via DayZ Admin Panel: Map(x1) by dolanpls
[16:45:14] dolanpls got an item via DayZ Admin Panel: GPS(x1) by dolanpls
[16:45:17] dolanpls got an item via DayZ Admin Panel: Compass(x1) by dolanpls
[16:45:21] dolanpls got an item via DayZ Admin Panel: Watch(x1) by dolanpls
[16:45:35] dolanpls got an item via DayZ Admin Panel: Czech Backpack(x1) by dolanpls
[01:31:40] Dave got an item via DayZ Admin Panel: Czech Backpack(x1) by Dave
[14:09:9] Dave got an item via DayZ Admin Panel: Watch(x1) by Dave
[12:45:15] Dave got an item via DayZ Admin Panel: Map(x1) by Dave
[12:45:17] Dave got an item via DayZ Admin Panel: GPS(x1) by Dave
[12:57:29] Dave got an item via DayZ Admin Panel: 9x18mm Cartridge(x40) by Dave
[13:04:4] Dave got an item via DayZ Admin Panel: 9x18mm Cartridge(x40) by Dave
[13:09:35] Dave got an item via DayZ Admin Panel: Lee Enfield(x1) by Dave
[13:10:28] PabloG20 got an item via DayZ Admin Panel: Backpack (Coyote)(x1) by Dave
[13:15:45] Dave got an item via DayZ Admin Panel: Tire(x2) by Dave
[17:09:9] Dave got an item via DayZ Admin Panel: DIY (Wood)(x1) by Dave
[17:07:11] Dave got an item via DayZ Admin Panel: DIY (Wood)(x1) by Dave
[17:07:16] Dave got an item via DayZ Admin Panel: Log(x2) by Dave
[17:07:19] Dave got an item via DayZ Admin Panel: Stone(x2) by Dave
[17:07:22] Dave got an item via DayZ Admin Panel: Plank(x6) by Dave
[18:09:11] Dave got an item via DayZ Admin Panel: Main Rotary Parts(x1) by Dave
[16:26:52] Dave got an item via DayZ Admin Panel: Pasta(x2) by Dave
[16:00:0] Dave got an item via DayZ Admin Panel: Soda Can (Pepsi)(x1) by Dave
[18:49:39] Dave got an item via DayZ Admin Panel: Can (Chowder)(x1) by Dave
[18:49:42] Dave got an item via DayZ Admin Panel: Soda Can (Cola)(x1) by Dave
[21:34:16] Dave got an item via DayZ Admin Panel: Czech Backpack(x1) by Dave
[21:50:12] Dave got an item via DayZ Admin Panel: Map(x1) by Dave
[21:50:16] Dave got an item via DayZ Admin Panel: GPS(x1) by Dave
[21:55:47] Dave got an item via DayZ Admin Panel: DIY (Wood)(x10) by Dave
[21:55:51] Dave got an item via DayZ Admin Panel: Log(x10) by Dave
[21:55:54] Dave got an item via DayZ Admin Panel: Stone(x10) by Dave
[21:55:57] Dave got an item via DayZ Admin Panel: Plank(x10) by Dave
[21:55:59] dolanpls got an item via DayZ Admin Panel: Plank(x10) by Dave
[21:02:2] dolanpls got an item via DayZ Admin Panel: Stone(x10) by Dave
[21:05:5] dolanpls got an item via DayZ Admin Panel: Log(x10) by Dave
[21:09:9] dolanpls got an item via DayZ Admin Panel: DIY (Wood)(x10) by Dave
[21:58:16] Dave got an item via DayZ Admin Panel: AK-74(x10) by Dave
[21:58:17] dolanpls got an item via DayZ Admin Panel: AK-74(x10) by Dave
[21:58:41] Dave got an item via DayZ Admin Panel: 5.45x39mm Cartridge(x500) by Dave
[21:58:43] dolanpls got an item via DayZ Admin Panel: 5.45x39mm Cartridge(x500) by Dave
[22:01:19] Dave got an item via DayZ Admin Panel: Nails(x50) by Dave
[22:01:21] dolanpls got an item via DayZ Admin Panel: Nails(x50) by Dave
[22:03:55] dolanpls got an item via DayZ Admin Panel: 5.45x39mm Cartridge(x500) by Dave
[22:03:57] Dave got an item via DayZ Admin Panel: 5.45x39mm Cartridge(x500) by Dave
[22:04:52] dolanpls got an item via DayZ Admin Panel: Grenade(x29) by dolanpls
[22:06:14] Dave got an item via DayZ Admin Panel: DIY (Wood)(x500) by Dave
[22:06:17] Dave got an item via DayZ Admin Panel: Log(x500) by Dave
[22:06:19] Dave got an item via DayZ Admin Panel: Stone(x500) by Dave
[22:06:22] Dave got an item via DayZ Admin Panel: Plank(x500) by Dave
[22:06:29] Dave got an item via DayZ Admin Panel: Nails(x500) by Dave
[22:13:30] Dave got an item via DayZ Admin Panel: Nails(x500) by Dave
[22:13:36] Dave got an item via DayZ Admin Panel: DIY (Wood)(x500) by Dave
[22:13:39] Dave got an item via DayZ Admin Panel: Log(x500) by Dave
[22:13:41] Dave got an item via DayZ Admin Panel: Stone(x500) by Dave
[22:13:44] Dave got an item via DayZ Admin Panel: Plank(x500) by Dave
[22:13:52] Dave got an item via DayZ Admin Panel: 5.45x39mm Cartridge(x500) by Dave
[22:01:1] Dave got an item via DayZ Admin Panel: AKS-74U(x1) by Dave
[22:17:45] Dave got an item via DayZ Admin Panel: Tent(x2) by Dave
[22:18:46] Dave got an item via DayZ Admin Panel: Wire Fence(x10) by Dave
[22:21:45] Dave got an item via DayZ Admin Panel: DIY (Wood)(x100) by Dave
[22:21:45] Dave got an item via DayZ Admin Panel: DIY (Wood)(x100) by Dave
[22:21:49] dolanpls got an item via DayZ Admin Panel: DIY (Wood)(x100) by Dave
[22:21:52] dolanpls got an item via DayZ Admin Panel: Log(x100) by Dave
[22:21:56] dolanpls got an item via DayZ Admin Panel: Stone(x100) by Dave
[22:21:56] dolanpls got an item via DayZ Admin Panel: Stone(x100) by Dave
[22:21:59] dolanpls got an item via DayZ Admin Panel: Plank(x100) by Dave
[22:07:7] dolanpls got an item via DayZ Admin Panel: Nails(x100) by Dave
[22:27:41] Dave got an item via DayZ Admin Panel: Epi-Pen(x2) by Dave
[22:30:55] Dave got an item via DayZ Admin Panel: Baked Beans(x3) by Dave
[22:00:0] Dave got an item via DayZ Admin Panel: Soda Can (Pepsi)(x3) by Dave
[11:52:21] Dave got an item via DayZ Admin Panel: Engine(x1) by Dave
[12:04:12] Dave got an item via DayZ Admin Panel: Czech Backpack(x1) by Dave
[12:04:39] Dave got an item via DayZ Admin Panel: Lee Enfield(x1) by Dave
[12:04:56] Dave got an item via DayZ Admin Panel: .303 British Cartridge(x60) by Dave
[12:31:22] Dave got an item via DayZ Admin Panel: .303 British Cartridge(x50) by Dave
[12:38:14] Dave got an item via DayZ Admin Panel: Blood Bag(x1) by Dave
[12:46:29] Dave got an item via DayZ Admin Panel: Tire(x3) by Dave
[12:51:41] Dave got an item via DayZ Admin Panel: Tire(x1) by Dave
[12:51:44] Dave got an item via DayZ Admin Panel: Engine(x1) by Dave
[12:01:1] Dave got an item via DayZ Admin Panel: Full Gas Canister(x1) by Dave
[13:02:16] Dave got an item via DayZ Admin Panel: Full Gas Canister(x1) by Dave
[13:12:14] Dave got an item via DayZ Admin Panel: Full Gas Canister(x2) by Dave
[13:17:39] juanman08 got an item via DayZ Admin Panel: DIY (Wood)(x6) by Dave
[13:17:44] juanman08 got an item via DayZ Admin Panel: Log(x6) by Dave
[13:17:47] juanman08 got an item via DayZ Admin Panel: Stone(x6) by Dave
[13:17:50] juanman08 got an item via DayZ Admin Panel: Plank(x6) by Dave
[13:17:58] juanman08 got an item via DayZ Admin Panel: Nails(x5) by Dave
[13:21:37] juanman08 got an item via DayZ Admin Panel: Nails(x10) by Dave
[13:26:53] Dave got an item via DayZ Admin Panel: Nails(x10) by Dave
[13:26:58] Dave got an item via DayZ Admin Panel: DIY (Wood)(x10) by Dave
[13:01:1] Dave got an item via DayZ Admin Panel: Log(x10) by Dave
[13:04:4] Dave got an item via DayZ Admin Panel: Plank(x10) by Dave
[13:08:8] Dave got an item via DayZ Admin Panel: Stone(x10) by Dave
[13:07:7] juanman08 got an item via DayZ Admin Panel: Nails(x2) by Dave
[13:28:52] juanman08 got an item via DayZ Admin Panel: Log(x3) by Dave
[13:04:4] Dave got an item via DayZ Admin Panel: Tent(x1) by Dave
[13:53:50] Dave got an item via DayZ Admin Panel: Full Gas Canister(x1) by Dave
[13:54:43] Dave got an item via DayZ Admin Panel: Scrap Metal(x1) by Dave
[13:55:26] juanman08 got an item via DayZ Admin Panel: Can (Corn)(x2) by Dave
[13:55:50] juanman08 got an item via DayZ Admin Panel: Soda Can (Cola)(x2) by Dave
[13:57:38] Dave got an item via DayZ Admin Panel: Plank(x6) by Dave
[13:57:45] Dave got an item via DayZ Admin Panel: DIY (Wood)(x2) by Dave
[13:57:56] Dave got an item via DayZ Admin Panel: Log(x2) by Dave
[14:12:37] Dave got an item via DayZ Admin Panel: Wire Fence(x2) by Dave
[14:09:9] Dave got an item via DayZ Admin Panel: Full Gas Canister(x2) by Dave
[14:21:29] juanman08 got an item via DayZ Admin Panel: Map(x1) by Dave
[14:21:32] juanman08 got an item via DayZ Admin Panel: GPS(x1) by Dave
[14:25:22] Dave got an item via DayZ Admin Panel: Flashlight(x1) by Dave
[02:08:8] Dave got an item via DayZ Admin Panel: Tire(x3) by Dave
[02:23:38] Dave got an item via DayZ Admin Panel: Full Gas Canister(x3) by Dave
[02:33:25] Dave got an item via DayZ Admin Panel: M1911(x1) by Dave
[02:33:31] Dave got an item via DayZ Admin Panel: 11.43x23mm Cartridge(x50) by Dave
[02:35:15] Dave got an item via DayZ Admin Panel: DIY (Wood)(x20) by Dave
[02:35:18] Dave got an item via DayZ Admin Panel: Log(x20) by Dave
[02:35:21] Dave got an item via DayZ Admin Panel: Stone(x20) by Dave
[02:35:23] Dave got an item via DayZ Admin Panel: Plank(x20) by Dave
[02:35:30] Dave got an item via DayZ Admin Panel: Nails(x20) by Dave
[02:38:35] juanman08 got an item via DayZ Admin Panel: Map(x1) by Dave
[02:38:39] juanman08 got an item via DayZ Admin Panel: GPS(x1) by Dave
[02:04:4] Dave got an item via DayZ Admin Panel: AK-74(x1) by Dave
[02:00:0] Dave got an item via DayZ Admin Panel: 5.45x39mm Cartridge(x50) by Dave
[02:44:34] Dave got an item via DayZ Admin Panel: Soda Can (Pepsi)(x2) by Dave
[02:09:9] Dave got an item via DayZ Admin Panel: Tire(x4) by Dave
[13:08:52] Dave got an item via DayZ Admin Panel: DIY (Wood)(x20) by Dave
[13:08:55] Dave got an item via DayZ Admin Panel: Log(x20) by Dave
[13:08:58] Dave got an item via DayZ Admin Panel: Stone(x20) by Dave
[13:00:0] Dave got an item via DayZ Admin Panel: Plank(x20) by Dave
[13:07:7] Dave got an item via DayZ Admin Panel: Nails(x20) by Dave
[13:16:29] juanman08 got an item via DayZ Admin Panel: Water Bottle(x1) by Dave
[13:24:42] juanman08 got an item via DayZ Admin Panel: Nails(x20) by Dave
[13:24:47] juanman08 got an item via DayZ Admin Panel: DIY (Wood)(x20) by Dave
[13:01:1] juanman08 got an item via DayZ Admin Panel: Log(x20) by Dave
[13:04:4] juanman08 got an item via DayZ Admin Panel: Plank(x20) by Dave
[13:07:7] juanman08 got an item via DayZ Admin Panel: Stone(x20) by Dave
[13:25:10] Dave got an item via DayZ Admin Panel: Stone(x20) by Dave
[13:25:12] Dave got an item via DayZ Admin Panel: Log(x20) by Dave
[13:25:15] Dave got an item via DayZ Admin Panel: DIY (Wood)(x20) by Dave
[13:25:18] Dave got an item via DayZ Admin Panel: Plank(x20) by Dave
[13:25:22] Dave got an item via DayZ Admin Panel: Nails(x20) by Dave
[14:19:39] Dave got an item via DayZ Admin Panel: Czech Backpack(x1) by Dave
[14:19:50] Dave got an item via DayZ Admin Panel: M1911(x1) by Dave
[14:19:58] Dave got an item via DayZ Admin Panel: 11.43x23mm Cartridge(x60) by Dave
[14:33:46] Dave got an item via DayZ Admin Panel: Grenade(x1) by Dave
[14:33:49] Dave got an item via DayZ Admin Panel: Range Finder(x1) by Dave
[20:58:28] Dave got an item via DayZ Admin Panel: 9x18mm Cartridge(x50) by Dave
[20:04:4] Dave got an item via DayZ Admin Panel: Tent(x1) by Dave
[21:03:21] Dave got an item via DayZ Admin Panel: Engine(x1) by Dave
[21:03:24] Dave got an item via DayZ Admin Panel: Tire(x2) by Dave
[21:03:47] Dave got an item via DayZ Admin Panel: 9x18mm Cartridge(x100) by Dave
[21:11:42] Dave got an item via DayZ Admin Panel: 5.56x45mm Cartridge(x100) by Dave
[21:12:44] Dave got an item via DayZ Admin Panel: 5.56x45mm Cartridge(x100) by Dave
[21:13:39] Dave got an item via DayZ Admin Panel: 5.56x45mm Cartridge(x100) by Dave
[21:14:37] Dave got an item via DayZ Admin Panel: 5.56x45mm Cartridge(x100) by Dave
[03:17:59] pinpoll got an item via DayZ Admin Panel: DIY (Wood)(x15) by Dave
[03:03:3] pinpoll got an item via DayZ Admin Panel: Log(x15) by Dave
[03:06:6] pinpoll got an item via DayZ Admin Panel: Stone(x15) by Dave
[03:08:8] pinpoll got an item via DayZ Admin Panel: Plank(x15) by Dave
[03:18:15] pinpoll got an item via DayZ Admin Panel: Nails(x15) by Dave
[03:19:45] Dave got an item via DayZ Admin Panel: Nails(x15) by Dave
[03:20:22] Dave got an item via DayZ Admin Panel: Nails(x15) by Dave
[03:20:26] Dave got an item via DayZ Admin Panel: DIY (Wood)(x15) by Dave
[03:20:29] Dave got an item via DayZ Admin Panel: Log(x15) by Dave
[03:20:32] Dave got an item via DayZ Admin Panel: Stone(x15) by Dave
[03:20:34] Dave got an item via DayZ Admin Panel: Plank(x15) by Dave
[03:03:3] Dave got an item via DayZ Admin Panel: AK-74(x1) by Dave
[03:24:19] Dave got an item via DayZ Admin Panel: 5.45x39mm Cartridge(x100) by Dave
[03:27:20] Dave got an item via DayZ Admin Panel: Tent(x3) by Dave
[03:28:17] #000000[I]ce~Hank got an item via DayZ Admin Panel: Czech Backpack(x1) by Dave
[03:28:19] pinpoll got an item via DayZ Admin Panel: Czech Backpack(x1) by Dave
[03:01:1] Dave got an item via DayZ Admin Panel: 5.56x45mm Cartridge(x300) by Dave
[03:31:15] Dave got an item via DayZ Admin Panel: 5.45x39mm Cartridge(x300) by Dave
[03:32:50] Dave got an item via DayZ Admin Panel: 5.45x39mm Cartridge(x600) by Dave
[03:48:27] Dave got an item via DayZ Admin Panel: GPS(x1) by Dave
[03:48:31] Dave got an item via DayZ Admin Panel: Map(x1) by Dave
[03:48:33] #000000[I]ce~Hank got an item via DayZ Admin Panel: Map(x1) by Dave
[03:48:35] #000000[I]ce~Hank got an item via DayZ Admin Panel: GPS(x1) by Dave
[03:48:45] #000000[I]ce~Hank got an item via DayZ Admin Panel: Tent(x3) by Dave
[14:26:42] Dave got an item via DayZ Admin Panel: Map(x1) by Dave
[14:26:44] Dave got an item via DayZ Admin Panel: GPS(x1) by Dave
[17:17:56] Dave got an item via DayZ Admin Panel: Compound Crossbow(x1) by Dave
[17:06:6] Dave got an item via DayZ Admin Panel: Bolt(x30) by Dave
[17:09:9] Dave got an item via DayZ Admin Panel: Grenade(x2) by Dave
[17:22:41] Dave got an item via DayZ Admin Panel: DIY (Wood)(x2) by Dave
[17:24:32] Dave got an item via DayZ Admin Panel: Plank(x1) by Dave
[17:26:37] Dave got an item via DayZ Admin Panel: Bizon PP-19 SD(x1) by Dave
[18:28:46] Dave got an item via DayZ Admin Panel: 9x18mm Cartridge(x60) by Dave
[18:02:2] Dave got an item via DayZ Admin Panel: Flashlight(x1) by Dave
[19:01:17] Dave got an item via DayZ Admin Panel: Czech Backpack(x1) by Dave
[19:01:41] Dave got an item via DayZ Admin Panel: Bizon PP-19 SD(x1) by Dave
[19:02:16] Dave got an item via DayZ Admin Panel: 9x18mm Cartridge(x150) by Dave
[19:02:49] #000000[I]ce~Hank got an item via DayZ Admin Panel: Backpack (Coyote)(x1) by Dave
[19:16:10] Dave got an item via DayZ Admin Panel: 9x18mm Cartridge(x120) by Dave
[19:40:48] #000000[I]ce~Hank got an item via DayZ Admin Panel: Czech Backpack(x1) by Dave
[19:42:14] Dave got an item via DayZ Admin Panel: Area 69 Keycard(x1) by Dave
[20:01:45] Dave got an item via DayZ Admin Panel: Morphine(x1) by Dave
[20:11:26] Dave got an item via DayZ Admin Panel: Antibiotics(x1) by Dave
[20:32:24] Dave got an item via DayZ Admin Panel: Bandage(x1) by Dave
[20:32:43] Dave got an item via DayZ Admin Panel: Blood Bag(x1) by Dave
[20:32:43] Dave got an item via DayZ Admin Panel: Blood Bag(x1) by Dave
[20:09:9] Dave got an item via DayZ Admin Panel: Blood Bag(x5) by Dave
[20:33:12] Dave got an item via DayZ Admin Panel: Morphine(x5) by Dave
[20:33:15] Dave got an item via DayZ Admin Panel: Bandage(x5) by Dave
[20:42:24] #000000[I]ce~Hank got an item via DayZ Admin Panel: Blood Bag(x1) by Dave
[15:16:48] Dave got an item via DayZ Admin Panel: Czech Backpack(x1) by Dave
[15:23:58] kazadorcris got an item via DayZ Admin Panel: Flashlight(x1) by Dave
[15:27:55] kazadorcris got an item via DayZ Admin Panel: Czech Backpack(x1) by Dave
[15:36:43] Dave got an item via DayZ Admin Panel: .308 Winchester Cartridge(x50) by Dave
[15:04:4] Dave got an item via DayZ Admin Panel: Nails(x3) by Dave
[15:07:7] Dave got an item via DayZ Admin Panel: Nails(x2) by Dave
[15:41:11] Dave got an item via DayZ Admin Panel: DIY (Wood)(x2) by Dave
[15:41:14] Dave got an item via DayZ Admin Panel: Log(x2) by Dave
[15:41:15] Dave got an item via DayZ Admin Panel: Stone(x2) by Dave
[15:41:18] Dave got an item via DayZ Admin Panel: Plank(x2) by Dave
[15:02:2] kazadorcris got an item via DayZ Admin Panel: Flashlight(x1) by Dave
[15:57:23] Dave got an item via DayZ Admin Panel: Nails(x10) by Dave
[15:57:27] Dave got an item via DayZ Admin Panel: DIY (Wood)(x10) by Dave
[15:57:29] Dave got an item via DayZ Admin Panel: Log(x10) by Dave
[15:57:32] Dave got an item via DayZ Admin Panel: Plank(x10) by Dave
[15:57:34] Dave got an item via DayZ Admin Panel: Stone(x10) by Dave
[16:00:40] Dave got an item via DayZ Admin Panel: Flashlight(x1) by Dave
[16:05:34] kazadorcris got an item via DayZ Admin Panel: Flashlight(x1) by Dave
[16:28:44] #000000[I]ce~Hank got an item via DayZ Admin Panel: Main Rotary Parts(x1) by Dave
[16:07:7] #000000[I]ce~Hank got an item via DayZ Admin Panel: Full Gas Canister(x1) by Dave
[18:37:41] Dave got an item via DayZ Admin Panel: ALICE Pack(x1) by Dave
