Vehicle Quadbike has been created (ID: 77)
Vehicle Quadbike has been created (ID: 78)
Vehicle Quadbike has been created (ID: 79)
Vehicle Quadbike has been created (ID: 80)
Vehicle Quadbike has been created (ID: 81)
Vehicle Quadbike has been created (ID: 82)
Vehicle Quadbike has been created (ID: 83)
Vehicle Quadbike has been created (ID: 84)
Vehicle Bus has been created (ID: 85)
Vehicle Bus has been created (ID: 86)
Vehicle Bike has been created (ID: 87)
Vehicle Bike has been created (ID: 88)
Vehicle Bike has been created (ID: 89)
Vehicle Bike has been created (ID: 90)
Vehicle Bike has been created (ID: 91)
Vehicle Bike has been created (ID: 92)
Vehicle Bike has been created (ID: 93)
Vehicle Bike has been created (ID: 94)
Vehicle Bike has been created (ID: 95)
Vehicle Bike has been created (ID: 96)
Vehicle Bike has been created (ID: 97)
Vehicle Bike has been created (ID: 98)
Vehicle Bike has been created (ID: 99)
Vehicle Bike has been created (ID: 100)
Vehicle Intruder has been created (ID: 101)
Vehicle Intruder has been created (ID: 102)
Vehicle Barracks has been created (ID: 103)
Vehicle Sanchez has been created (ID: 104)
Vehicle Sanchez has been created (ID: 105)
Vehicle Sanchez has been created (ID: 106)
Vehicle Sanchez has been created (ID: 107)
Vehicle Sadler has been created (ID: 108)
Vehicle Sadler has been created (ID: 109)
Vehicle Sadler has been created (ID: 110)
Vehicle Sadler has been created (ID: 111)
Vehicle Premier has been created (ID: 112)
Vehicle Bobcat has been created (ID: 113)
Vehicle Moonbeam has been created (ID: 114)
Vehicle Tractor has been created (ID: 115)
Vehicle Tractor has been created (ID: 116)
Vehicle Tractor has been created (ID: 117)
Vehicle Tractor has been created (ID: 118)
Vehicle Patriot has been created (ID: 119)
Vehicle Patriot has been created (ID: 120)
Vehicle Flatbed has been created (ID: 121)
Vehicle Flatbed has been created (ID: 122)
Vehicle FBI Rancher has been created (ID: 123)
Vehicle Leviathan has been created (ID: 124)
Vehicle Leviathan has been created (ID: 125)
Vehicle Maverick has been created (ID: 126)
Vehicle Maverick has been created (ID: 127)
Vehicle News Chopper has been created (ID: 128)
Vehicle News Chopper has been created (ID: 129)
Vehicle News Chopper has been created (ID: 130)
Vehicle Beagle has been created (ID: 131)
Vehicle Reefer has been created (ID: 132)
Vehicle Launch has been created (ID: 133)
Vehicle Launch has been created (ID: 134)
Vehicle Dinghy has been created (ID: 135)
Vehicle Quadbike has been created (ID: 137)
Vehicle Quadbike has been created (ID: 138)
Vehicle Quadbike has been created (ID: 139)
Vehicle Quadbike has been created (ID: 140)
Vehicle Quadbike has been created (ID: 141)
Vehicle Quadbike has been created (ID: 142)
Vehicle Quadbike has been created (ID: 143)
Vehicle Quadbike has been created (ID: 144)
Vehicle Bus has been created (ID: 145)
Vehicle Bus has been created (ID: 146)
Vehicle Bus has been created (ID: 147)
Vehicle Bike has been created (ID: 148)
Vehicle Bike has been created (ID: 149)
Vehicle Bike has been created (ID: 150)
Vehicle Bike has been created (ID: 151)
Vehicle Bike has been created (ID: 152)
Vehicle Bike has been created (ID: 153)
Vehicle Bike has been created (ID: 154)
Vehicle Bike has been created (ID: 155)
Vehicle Bike has been created (ID: 156)
Vehicle Bike has been created (ID: 157)
Vehicle Bike has been created (ID: 158)
Vehicle Bike has been created (ID: 159)
Vehicle Bike has been created (ID: 160)
Vehicle Bike has been created (ID: 161)
Vehicle Intruder has been created (ID: 162)
Vehicle Barracks has been created (ID: 163)
Vehicle Sanchez has been created (ID: 164)
Vehicle Sanchez has been created (ID: 165)
Vehicle Sanchez has been created (ID: 166)
Vehicle Sanchez has been created (ID: 167)
Vehicle Sadler has been created (ID: 168)
Vehicle Sadler has been created (ID: 169)
Vehicle Sadler has been created (ID: 170)
Vehicle Sadler has been created (ID: 171)
Vehicle Premier has been created (ID: 172)
Vehicle Bobcat has been created (ID: 173)
Vehicle Moonbeam has been created (ID: 174)
Vehicle Landstalker has been created (ID: 175)
Vehicle Tractor has been created (ID: 176)
Vehicle Tractor has been created (ID: 177)
Vehicle Tractor has been created (ID: 178)
Vehicle Tractor has been created (ID: 179)
Vehicle Patriot has been created (ID: 180)
Vehicle Flatbed has been created (ID: 181)
Vehicle FBI Rancher has been created (ID: 182)
Vehicle FBI Rancher has been created (ID: 183)
Vehicle Sparrow has been created (ID: 184)
Vehicle Sparrow has been created (ID: 185)
Vehicle Leviathan has been created (ID: 186)
Vehicle Leviathan has been created (ID: 187)
Vehicle Maverick has been created (ID: 188)
Vehicle Maverick has been created (ID: 189)
Vehicle News Chopper has been created (ID: 190)
Vehicle Beagle has been created (ID: 191)
Vehicle Reefer has been created (ID: 192)
Vehicle Launch has been created (ID: 193)
Vehicle Launch has been created (ID: 194)
Vehicle Dinghy has been created (ID: 195)
Vehicle Quadbike has been created (ID: 1)
Vehicle Quadbike has been created (ID: 2)
Vehicle Quadbike has been created (ID: 3)
Vehicle Quadbike has been created (ID: 4)
Vehicle Quadbike has been created (ID: 5)
Vehicle Quadbike has been created (ID: 6)
Vehicle Quadbike has been created (ID: 7)
Vehicle Quadbike has been created (ID: 8)
Vehicle Bus has been created (ID: 9)
Vehicle Bus has been created (ID: 10)
Vehicle Bus has been created (ID: 11)
Vehicle Bike has been created (ID: 12)
Vehicle Bike has been created (ID: 13)
Vehicle Bike has been created (ID: 14)
Vehicle Bike has been created (ID: 15)
Vehicle Bike has been created (ID: 16)
Vehicle Bike has been created (ID: 17)
Vehicle Bike has been created (ID: 18)
Vehicle Bike has been created (ID: 19)
Vehicle Bike has been created (ID: 20)
Vehicle Bike has been created (ID: 21)
Vehicle Bike has been created (ID: 22)
Vehicle Bike has been created (ID: 23)
Vehicle Bike has been created (ID: 24)
Vehicle Bike has been created (ID: 25)
Vehicle Intruder has been created (ID: 26)
Vehicle Intruder has been created (ID: 27)
Vehicle Sanchez has been created (ID: 28)
Vehicle Sanchez has been created (ID: 29)
Vehicle Sanchez has been created (ID: 30)
Vehicle Sanchez has been created (ID: 31)
Vehicle Sadler has been created (ID: 32)
Vehicle Sadler has been created (ID: 33)
Vehicle Sadler has been created (ID: 34)
Vehicle Sadler has been created (ID: 35)
Vehicle Premier has been created (ID: 36)
Vehicle Premier has been created (ID: 37)
Vehicle Bobcat has been created (ID: 38)
Vehicle Landstalker has been created (ID: 39)
Vehicle Landstalker has been created (ID: 40)
Vehicle Tractor has been created (ID: 41)
Vehicle Tractor has been created (ID: 42)
Vehicle Tractor has been created (ID: 43)
Vehicle Tractor has been created (ID: 44)
Vehicle Patriot has been created (ID: 45)
Vehicle Patriot has been created (ID: 46)
Vehicle Patriot has been created (ID: 47)
Vehicle Flatbed has been created (ID: 48)
Vehicle Flatbed has been created (ID: 49)
Vehicle Leviathan has been created (ID: 50)
Vehicle Leviathan has been created (ID: 51)
Vehicle Maverick has been created (ID: 52)
Vehicle Maverick has been created (ID: 53)
Vehicle Maverick has been created (ID: 54)
Vehicle News Chopper has been created (ID: 55)
Vehicle News Chopper has been created (ID: 56)
Vehicle News Chopper has been created (ID: 57)
Vehicle Beagle has been created (ID: 58)
Vehicle Launch has been created (ID: 59)
Vehicle Launch has been created (ID: 60)
Vehicle Dinghy has been created (ID: 61)
