[DayZ] [03:52:29] Dave dropped to ground: Backpack (Coyote)
[DayZ] [03:52:35] Dave picked up from ground: Backpack (Coyote)
[DayZ] [04:45:17] Dave dropped to ground: Revolver
[DayZ] [04:58:11] Dave dropped to ground: Hunting Knife
[DayZ] [04:59:39] Dave dropped to ground: Engine
[DayZ] [13:16:42] Dave dropped to ground: Double-barreled Shotgun
[DayZ] [13:18:34] Dave dropped to ground: 1866 Slug
[DayZ] [13:18:34] Dave dropped to ground: Soda Can (Cola)
[DayZ] [13:18:41] Dave picked up from ground: Soda Can (Cola)
[DayZ] [13:18:57] Dave dropped to ground: Lee Enfield
[DayZ] [13:42:41] Dave dropped to ground: Flashlight
[DayZ] [13:42:44] Dave dropped to ground: Bandage
[DayZ] [13:42:45] Dave dropped to ground: Painkiller
[DayZ] [13:42:47] Dave dropped to ground: Bandage
[DayZ] [13:02:2] Dave picked up from ground: Bandage
[DayZ] [13:43:13] Dave picked up from ground: Painkiller
[DayZ] [13:43:33] Dave picked up from ground: Bandage
[DayZ] [15:07:7] Dave dropped to ground: Double-barreled Shotgun
[DayZ] [16:00:0] Dave dropped to ground: DIY (Wood)
[DayZ] [16:01:1] Dave dropped to ground: DIY (Wood)
[DayZ] [16:06:6] Dave picked up from ground: DIY (Wood)
[DayZ] [16:39:29] Dave dropped to ground: Empty Water Bottle
[DayZ] [16:39:31] Dave dropped to ground: Scrap Metal
[DayZ] [16:39:32] Dave dropped to ground: Blood Bag
[DayZ] [16:39:34] Dave dropped to ground: Epi-Pen
[DayZ] [16:40:34] Dave dropped to ground: Antibiotics
[DayZ] [16:58:45] Dave dropped to ground: Painkiller
[DayZ] [16:58:53] Dave picked up from ground: Painkiller
[DayZ] [17:23:42] Dave dropped to ground: DIY (Wood)
[DayZ] [21:22:11] Items have been respawned.
[DayZ] [02:54:30] Dave dropped to ground: Hunting Knife
[DayZ] [02:54:33] Dave dropped to ground: Flashlight
[DayZ] [02:54:37] Dave dropped to ground: Binoculars
[DayZ] [02:54:39] Dave dropped to ground: MRE
[DayZ] [02:54:41] Dave dropped to ground: Sardines
[DayZ] [06:23:13] Items have been respawned.
[DayZ] [10:24:43] Items have been respawned.
[DayZ] [14:01:1] Dave dropped to ground: M16A2 M203
[DayZ] [19:10:46] Items have been respawned.
[DayZ] [23:03:3] Wolf.Black dropped to ground: Painkiller
[DayZ] [23:15:35] Wolf.Black dropped to ground: Engine
[DayZ] [23:21:56] Wolf.Black dropped to ground: Flashlight
[DayZ] [23:29:58] Wolf.Black dropped to ground: Wood Pile
[DayZ] [23:29:59] Wolf.Black dropped to ground: Bandage
[DayZ] [23:30:33] Wolf.Black dropped to ground: Painkiller
[DayZ] [23:33:41] Wolf.Black dropped to ground: 9x19mm Cartridge
[DayZ] [00:20:40] Items have been respawned.
[DayZ] [00:37:29] Wolf.Black dropped to ground: Can (Corn)
[DayZ] [00:37:44] lauvera picked up from ground: Can (Corn)
[DayZ] [00:38:49] Wolf.Black dropped to ground: Soda Can (Cola)
[DayZ] [00:38:53] lauvera picked up from ground: Soda Can (Cola)
[DayZ] [00:48:12] Wolf.Black dropped to ground: Makarov PM
[DayZ] [00:48:16] Wolf.Black dropped to ground: 9x19mm Cartridge
[DayZ] [01:26:44] Wolf.Black dropped to ground: Toolbox
[DayZ] [01:26:46] lauvera picked up from ground: Toolbox
[DayZ] [01:07:7] lauvera dropped to ground: Flashlight
[DayZ] [01:36:20] Wolf.Black dropped to ground: Empty Gas Canister
[DayZ] [01:37:51] Wolf.Black picked up from ground: Empty Gas Canister
[DayZ] [01:03:3] Wolf.Black dropped to ground: Empty Gas Canister
[DayZ] [01:40:22] Wolf.Black picked up from ground: Empty Gas Canister
[DayZ] [01:54:29] lauvera dropped to ground: Soda Can (Cola)
[DayZ] [01:55:14] Wolf.Black dropped to ground: Bandage
[DayZ] [01:55:16] Wolf.Black picked up from ground: Soda Can (Cola)
[DayZ] [01:05:5] lauvera dropped to ground: Water Bottle
[DayZ] [01:56:15] Wolf.Black picked up from ground: Water Bottle
[DayZ] [01:56:48] Wolf.Black dropped to ground: Empty Water Bottle
[DayZ] [01:56:51] lauvera picked up from ground: Empty Water Bottle
[DayZ] [02:00:54] lauvera dropped to ground: Tank Parts
[DayZ] [02:00:58] Wolf.Black dropped to ground: Empty Gas Canister
[DayZ] [02:07:7] lauvera picked up from ground: Tank Parts
[DayZ] [02:01:14] Wolf.Black dropped to ground: Tire
[DayZ] [02:01:29] Wolf.Black dropped to ground: Tire
[DayZ] [02:01:43] Wolf.Black dropped to ground: Water Bottle
[DayZ] [02:01:48] lauvera picked up from ground: Empty Gas Canister
[DayZ] [02:01:52] Wolf.Black dropped to ground: Bandage
[DayZ] [02:06:6] Wolf.Black picked up from ground: Water Bottle
[DayZ] [02:02:20] Wolf.Black picked up from ground: Bandage
[DayZ] [02:03:46] Wolf.Black dropped to ground: Full Gas Canister
[DayZ] [02:03:55] Wolf.Black picked up from ground: Full Gas Canister
[DayZ] [02:04:45] Wolf.Black dropped to ground: Full Gas Canister
[DayZ] [02:04:52] Wolf.Black picked up from ground: Full Gas Canister
[DayZ] [02:07:7] lauvera dropped to ground: PDW
[DayZ] [02:10:40] Wolf.Black dropped to ground: Empty Gas Canister
[DayZ] [02:11:12] Wolf.Black dropped to ground: Toolbox
[DayZ] [02:11:21] Wolf.Black picked up from ground: Toolbox
[DayZ] [02:11:24] Wolf.Black picked up from ground: Empty Gas Canister
[DayZ] [02:11:27] Wolf.Black dropped to ground: 12 Gauge Pellet
[DayZ] [02:11:28] Wolf.Black dropped to ground: 12 Gauge Pellet
[DayZ] [02:12:24] lauvera dropped to ground: Full Gas Canister
[DayZ] [02:12:59] lauvera picked up from ground: Full Gas Canister
[DayZ] [02:14:10] Wolf.Black picked up from ground: 12 Gauge Pellet
[DayZ] [02:14:11] lauvera dropped to ground: 5.56x45mm Cartridge
[DayZ] [02:14:35] Wolf.Black picked up from ground: 12 Gauge Pellet
[DayZ] [02:18:43] Wolf.Black dropped to ground: Remington 870
[DayZ] [02:05:5] Wolf.Black dropped to ground: 1866 Slug
[DayZ] [02:20:40] dolanpls dropped to ground: Tent
[DayZ] [02:21:17] dolanpls dropped to ground: 9x19mm Cartridge
[DayZ] [02:26:52] lauvera dropped to ground: Blood Bag
[DayZ] [02:26:58] Wolf.Black dropped to ground: Blood Bag (Empty)
[DayZ] [04:08:8] Items have been respawned.
[DayZ] [08:23:52] Items have been respawned.
[DayZ] [12:25:54] Items have been respawned.
[DayZ] [16:17:39] lauvera dropped to ground: AK-74
[DayZ] [16:32:14] lauvera dropped to ground: Can (Corn)
[DayZ] [16:32:40] lauvera dropped to ground: Bandage
[DayZ] [16:09:9] lauvera dropped to ground: Frank & Beans
[DayZ] [16:33:12] lauvera picked up from ground: Bandage
[DayZ] [16:36:47] lauvera dropped to ground: Hunting Knife
[DayZ] [16:36:52] lauvera dropped to ground: Pasta
[DayZ] [16:36:53] lauvera dropped to ground: MRE
[DayZ] [16:36:54] lauvera dropped to ground: Water Bottle
[DayZ] [16:36:54] lauvera dropped to ground: Bandage
[DayZ] [16:36:55] lauvera dropped to ground: Bandage
[DayZ] [16:36:56] lauvera dropped to ground: Antibiotics
[DayZ] [16:37:18] lauvera picked up from ground: MRE
[DayZ] [16:37:35] lauvera picked up from ground: Hunting Knife
[DayZ] [17:23:31] Items have been respawned.
[DayZ] [21:24:34] Items have been respawned.
[DayZ] [01:25:36] Items have been respawned.
[DayZ] [03:54:26] Wolf.Black dropped to ground: Transfusion Kit
[DayZ] [04:09:22] Wolf.Black dropped to ground: Tire
[DayZ] [04:09:59] Wolf.Black picked up from ground: Tire
[DayZ] [04:10:23] Wolf.Black dropped to ground: Blood Bag (Empty)
[DayZ] [04:11:24] Lauvera0 dropped to ground: Painkiller
[DayZ] [04:11:25] Lauvera0 dropped to ground: Can (Corn)
[DayZ] [04:11:33] Wolf.Black picked up from ground: Can (Corn)
[DayZ] [04:11:58] Wolf.Black picked up from ground: Painkiller
[DayZ] [04:14:18] Lauvera0 dropped to ground: Baked Beans
[DayZ] [04:14:18] Lauvera0 dropped to ground: Soda Can (Cola)
[DayZ] [04:14:19] Lauvera0 dropped to ground: Bandage
[DayZ] [04:14:44] Lauvera0 picked up from ground: Bandage
[DayZ] [04:14:57] Lauvera0 picked up from ground: Soda Can (Cola)
[DayZ] [04:07:7] Lauvera0 picked up from ground: Baked Beans
[DayZ] [04:08:8] Lauvera0 dropped to ground: Blood Bag (Empty)
[DayZ] [04:19:59] Lauvera0 dropped to ground: Blood Bag (Empty)
[DayZ] [04:20:18] Wolf.Black dropped to ground: Bandage
[DayZ] [04:39:13] Lauvera0 dropped to ground: 12 Gauge Pellet
[DayZ] [04:00:0] Wolf.Black picked up from ground: 12 Gauge Pellet
[DayZ] [04:43:41] Lauvera0 dropped to ground: IR Goggles
[DayZ] [04:43:48] Wolf.Black picked up from ground: IR Goggles
[DayZ] [04:44:25] Wolf.Black dropped to ground: IR Goggles
[DayZ] [04:05:5] Wolf.Black dropped to ground: Flashlight
[DayZ] [05:00:14] Lauvera0 dropped to ground: 12 Gauge Pellet
[DayZ] [05:00:28] Wolf.Black dropped to ground: Bandage
[DayZ] [05:00:30] Wolf.Black picked up from ground: 12 Gauge Pellet
[DayZ] [05:26:38] Items have been respawned.
[DayZ] [09:27:40] Items have been respawned.
[DayZ] [11:56:27] Dave dropped to ground: Hunting Knife
[DayZ] [13:28:42] Items have been respawned.
[DayZ] [17:29:44] Items have been respawned.
[DayZ] [20:02:11] Wolf.Black dropped to ground: Empty Water Bottle
[DayZ] [20:00:0] Wolf.Black dropped to ground: Flashlight
[DayZ] [20:04:4] Wolf.Black dropped to ground: Bandage
[DayZ] [20:37:56] Wolf.Black2017 dropped to ground: Flashlight
[DayZ] [20:43:33] Wolf.Black2017 dropped to ground: Makarov PM
[DayZ] [20:43:34] Wolf.Black2017 dropped to ground: 9x18mm Cartridge
[DayZ] [20:43:38] Wolf.Black2017 dropped to ground: MRE
[DayZ] [20:45:52] Wolf.Black2017 dropped to ground: Bandage
[DayZ] [20:45:53] Wolf.Black2017 dropped to ground: Bandage
[DayZ] [20:45:54] Wolf.Black2017 dropped to ground: Bandage
[DayZ] [20:46:20] Wolf.Black2017 picked up from ground: Bandage
[DayZ] [20:49:17] Lauvera0 dropped to ground: M1014
[DayZ] [20:49:21] Wolf.Black2017 picked up from ground: M1014
[DayZ] [20:55:59] Lauvera0 dropped to ground: AK-74
[DayZ] [20:58:45] Lauvera0 dropped to ground: 12 Gauge Pellet
[DayZ] [20:58:52] Wolf.Black2017 picked up from ground: 12 Gauge Pellet
[DayZ] [20:08:8] Lauvera0 dropped to ground: 12 Gauge Pellet
[DayZ] [20:59:18] Wolf.Black2017 picked up from ground: 12 Gauge Pellet
[DayZ] [21:30:47] Items have been respawned.
[DayZ] [22:10:36] Lauvera0 dropped to ground: 12 Gauge Pellet
[DayZ] [22:10:36] Lauvera0 dropped to ground: 12 Gauge Pellet
[DayZ] [22:10:42] Wolf.Black2017 picked up from ground: 12 Gauge Pellet
[DayZ] [22:10:56] Wolf.Black2017 picked up from ground: 12 Gauge Pellet
[DayZ] [22:14:24] Wolf.Black2017 dropped to ground: Wood Pile
[DayZ] [22:14:25] Wolf.Black2017 dropped to ground: Wood Pile
[DayZ] [22:14:28] Lauvera0 picked up from ground: Wood Pile
[DayZ] [22:14:41] Lauvera0 picked up from ground: Wood Pile
[DayZ] [22:16:17] Lauvera0 dropped to ground: Wood Pile
[DayZ] [22:16:18] Lauvera0 dropped to ground: Wood Pile
[DayZ] [22:16:23] Wolf.Black2017 picked up from ground: Wood Pile
[DayZ] [22:16:38] Wolf.Black2017 picked up from ground: Wood Pile
[DayZ] [22:16:53] Lauvera0 dropped to ground: Empty Water Bottle
[DayZ] [22:17:24] Lauvera0 dropped to ground: Metal Sheet (Rusted)
[DayZ] [22:22:48] Lauvera0 dropped to ground: Engine
[DayZ] [22:23:28] Lauvera0 picked up from ground: Engine
[DayZ] [01:31:54] Items have been respawned.
[DayZ] [05:02:2] Items have been respawned.
[DayZ] [09:04:4] Items have been respawned.
[DayZ] [13:06:6] Items have been respawned.
[DayZ] [17:08:8] Items have been respawned.
[DayZ] [21:37:10] Items have been respawned.
[DayZ] [06:44:39] Items have been respawned.
[DayZ] [10:45:41] Items have been respawned.
[DayZ] [12:45:18] mathius2296 dropped to ground: Bandage
[DayZ] [12:45:48] mathius2296 dropped to ground: .303 British Cartridge
[DayZ] [12:47:49] mathius2296 dropped to ground: MRE
[DayZ] [14:46:42] Items have been respawned.
[DayZ] [18:47:43] Items have been respawned.
[DayZ] [22:48:45] Items have been respawned.
[DayZ] [01:16:12] Dave dropped to ground: Crowbar
[DayZ] [02:49:46] Items have been respawned.
[DayZ] [06:50:48] Items have been respawned.
[DayZ] [10:51:49] Items have been respawned.
[DayZ] [12:22:20] PabloG20 dropped to ground: Makarov PM
[DayZ] [13:09:39] Dave dropped to ground: Lee Enfield
[DayZ] [13:09:44] Dave dropped to ground: .303 British Cartridge
[DayZ] [13:11:30] PabloG20 picked up from ground: Lee Enfield
[DayZ] [13:11:42] PabloG20 picked up from ground: .303 British Cartridge
[DayZ] [13:15:59] Dave dropped to ground: Tire
[DayZ] [13:00:0] Dave dropped to ground: Tire
[DayZ] [13:06:6] Dave picked up from ground: Tire
[DayZ] [13:16:33] Dave picked up from ground: Tire
[DayZ] [14:52:50] Items have been respawned.
[DayZ] [15:42:10] levii dropped to ground: Bandage
[DayZ] [15:44:10] levii dropped to ground: Flashlight
[DayZ] [15:55:21] levii dropped to ground: 9x19mm Cartridge
[DayZ] [15:55:27] levii picked up from ground: 9x19mm Cartridge
[DayZ] [20:37:45] juanman08 dropped to ground: Baked Beans
[DayZ] [20:37:56] juanman08 dropped to ground: Can (Stew)
[DayZ] [20:37:58] juanman08 dropped to ground: Bandage
[DayZ] [20:37:58] juanman08 dropped to ground: Bandage
[DayZ] [20:38:37] juanman08 dropped to ground: M1911
[DayZ] [20:38:38] juanman08 dropped to ground: Painkiller
[DayZ] [20:38:38] juanman08 dropped to ground: Flashlight
[DayZ] [20:40:59] juanman08 dropped to ground: Makarov PM
[DayZ] [20:41:21] juanman08 dropped to ground: 9x19mm Cartridge
[DayZ] [20:03:3] juanman08 picked up from ground: Makarov PM
[DayZ] [20:46:13] juanman08 picked up from ground: 9x19mm Cartridge
[DayZ] [20:46:28] juanman08 dropped to ground: Makarov PM
[DayZ] [22:32:12] Items have been respawned.
[DayZ] [02:33:14] Items have been respawned.
[DayZ] [06:34:15] Items have been respawned.
[DayZ] [10:01:27] Dave dropped to ground: Log
[DayZ] [10:01:27] Dave dropped to ground: Log
[DayZ] [10:01:31] Dave dropped to ground: Plank
[DayZ] [10:01:32] Dave dropped to ground: Plank
[DayZ] [10:01:32] Dave dropped to ground: Plank
[DayZ] [10:01:33] Dave dropped to ground: Plank
[DayZ] [10:01:33] Dave dropped to ground: Plank
[DayZ] [10:01:34] Dave dropped to ground: Plank
[DayZ] [10:01:36] Dave dropped to ground: Stone
[DayZ] [10:01:38] Dave dropped to ground: Stone
[DayZ] [10:01:39] Dave dropped to ground: Flashlight
[DayZ] [10:35:17] Items have been respawned.
[DayZ] [11:59:17] levii dropped to ground: M1911
[DayZ] [11:59:20] levii dropped to ground: 11.43x23mm Cartridge
[DayZ] [13:08:27] Owen dropped to ground: Bandage
[DayZ] [13:08:28] Owen dropped to ground: Bandage
[DayZ] [15:15:16] Dave dropped to ground: Black Bandana (H)
[DayZ] [15:27:34] Dave dropped to ground: DIY (Wood)
[DayZ] [15:27:35] Dave dropped to ground: Stone
[DayZ] [15:27:35] Dave dropped to ground: Plank
[DayZ] [15:27:38] Dave dropped to ground: Nails
[DayZ] [15:27:40] Dave dropped to ground: Bandage
[DayZ] [15:27:42] Dave dropped to ground: Crowbar
[DayZ] [15:06:6] Dave picked up from ground: Stone
[DayZ] [15:28:19] Dave picked up from ground: Nails
[DayZ] [15:28:30] Dave picked up from ground: DIY (Wood)
[DayZ] [15:28:45] Dave picked up from ground: Plank
[DayZ] [15:59:36] Dave dropped to ground: Nails
[DayZ] [16:28:41] Items have been respawned.
[DayZ] [19:40:41] sane4ek dropped to ground: Flashlight
[DayZ] [20:04:4] sprite dropped to ground: Winchester 1866
[DayZ] [20:05:5] sprite dropped to ground: 11.43x23mm Cartridge
[DayZ] [20:22:35] sane4ek dropped to ground: Bandage
[DayZ] [20:23:20] sprite picked up from ground: 11.43x23mm Cartridge
[DayZ] [20:23:29] sprite dropped to ground: 11.43x23mm Cartridge
[DayZ] [20:23:49] sane4ek dropped to ground: Bandage
[DayZ] [20:23:57] sane4ek picked up from ground: Winchester 1866
[DayZ] [20:24:11] sane4ek dropped to ground: Painkiller
[DayZ] [20:24:15] sane4ek picked up from ground: Painkiller
[DayZ] [20:24:22] sane4ek dropped to ground: Painkiller
[DayZ] [20:24:26] sane4ek picked up from ground: 11.43x23mm Cartridge
[DayZ] [20:24:32] sprite picked up from ground: Bandage
[DayZ] [20:24:45] sprite picked up from ground: Painkiller
[DayZ] [20:25:27] sprite dropped to ground: Painkiller
[DayZ] [20:25:28] sane4ek dropped to ground: 11.43x23mm Cartridge
[DayZ] [20:25:29] sprite dropped to ground: Bandage
[DayZ] [20:25:30] sane4ek dropped to ground: Winchester 1866
[DayZ] [20:25:31] sprite dropped to ground: Bandage
[DayZ] [20:25:41] sprite picked up from ground: Bandage
[DayZ] [20:29:44] Items have been respawned.
[DayZ] [20:29:45] sprite dropped to ground: Bandage
[DayZ] [20:29:46] sprite dropped to ground: Bandage
[DayZ] [20:29:50] sane4ek picked up from ground: Bandage
[DayZ] [20:03:3] sprite picked up from ground: Bandage
[DayZ] [20:48:24] levii picked up from ground: Tent
[DayZ] [20:54:59] WILLIAM dropped to ground: Bandage
[DayZ] [20:05:5] WILLIAM picked up from ground: Bandage
[DayZ] [00:30:47] Items have been respawned.
[DayZ] [04:31:50] Items have been respawned.
[DayZ] [08:32:52] Items have been respawned.
[DayZ] [12:33:55] Items have been respawned.
[DayZ] [16:34:58] Items have been respawned.
[DayZ] [20:21:27] Lauvera0 dropped to ground: Full Gas Canister
[DayZ] [20:01:1] Items have been respawned.
[DayZ] [00:04:4] Items have been respawned.
[DayZ] [04:07:7] Items have been respawned.
[DayZ] [08:39:10] Items have been respawned.
[DayZ] [12:36:16] Dave dropped to ground: G36A CAMO
[DayZ] [12:40:14] Items have been respawned.
[DayZ] [12:42:10] juanman08 dropped to ground: Hunting Knife
[DayZ] [12:42:12] juanman08 dropped to ground: .303 British Cartridge
[DayZ] [12:42:28] juanman08 dropped to ground: 1866 Slug
[DayZ] [12:42:29] juanman08 dropped to ground: 12 Gauge Pellet
[DayZ] [12:42:30] juanman08 dropped to ground: MRE
[DayZ] [12:42:38] juanman08 picked up from ground: MRE
[DayZ] [12:42:48] juanman08 dropped to ground: Empty Water Bottle
[DayZ] [12:05:5] juanman08 dropped to ground: 7.62x54mm Cartridge
[DayZ] [12:57:55] Dave dropped to ground: M4A1
[DayZ] [13:03:52] juanman08 dropped to ground: Bandage
[DayZ] [13:03:52] juanman08 dropped to ground: Painkiller
[DayZ] [13:30:46] Dave dropped to ground: Log
[DayZ] [13:30:46] Dave dropped to ground: Log
[DayZ] [13:30:46] Dave dropped to ground: Log
[DayZ] [13:30:46] Dave dropped to ground: Log
[DayZ] [13:30:46] Dave dropped to ground: Log
[DayZ] [13:30:47] Dave dropped to ground: Log
[DayZ] [13:30:47] Dave dropped to ground: Log
[DayZ] [13:30:47] Dave dropped to ground: Log
[DayZ] [13:30:47] Dave dropped to ground: Stone
[DayZ] [13:30:48] Dave dropped to ground: DIY (Wood)
[DayZ] [13:30:48] Dave dropped to ground: DIY (Wood)
[DayZ] [13:30:48] Dave dropped to ground: DIY (Wood)
[DayZ] [13:30:48] Dave dropped to ground: DIY (Wood)
[DayZ] [13:30:48] Dave dropped to ground: DIY (Wood)
[DayZ] [13:30:48] Dave dropped to ground: DIY (Wood)
[DayZ] [13:30:49] Dave dropped to ground: DIY (Wood)
[DayZ] [13:30:49] Dave dropped to ground: DIY (Wood)
[DayZ] [13:30:49] Dave dropped to ground: DIY (Wood)
[DayZ] [13:30:49] Dave dropped to ground: DIY (Wood)
[DayZ] [13:30:49] Dave dropped to ground: Stone
[DayZ] [13:30:50] Dave dropped to ground: Nails
[DayZ] [13:30:50] Dave dropped to ground: Nails
[DayZ] [13:30:50] Dave dropped to ground: Nails
[DayZ] [13:30:51] Dave dropped to ground: Nails
[DayZ] [13:30:51] Dave dropped to ground: Nails
[DayZ] [13:30:51] Dave dropped to ground: Nails
[DayZ] [13:30:51] Dave dropped to ground: Nails
[DayZ] [13:30:51] Dave dropped to ground: Nails
[DayZ] [13:30:51] Dave dropped to ground: Nails
[DayZ] [13:30:52] Dave dropped to ground: Nails
[DayZ] [13:30:52] Dave dropped to ground: Stone
[DayZ] [13:30:52] Dave dropped to ground: Stone
[DayZ] [13:30:52] Dave dropped to ground: Stone
[DayZ] [13:30:52] Dave dropped to ground: Stone
[DayZ] [13:30:53] Dave dropped to ground: Stone
[DayZ] [13:30:53] Dave dropped to ground: Stone
[DayZ] [13:30:53] Dave dropped to ground: Plank
[DayZ] [13:30:53] Dave dropped to ground: Plank
[DayZ] [13:30:53] Dave dropped to ground: Plank
[DayZ] [13:30:54] Dave dropped to ground: Plank
[DayZ] [13:30:54] Dave dropped to ground: Plank
[DayZ] [13:30:54] Dave dropped to ground: Plank
[DayZ] [13:30:54] Dave dropped to ground: Plank
[DayZ] [13:30:54] Dave dropped to ground: Plank
[DayZ] [13:30:55] Dave dropped to ground: Plank
[DayZ] [13:30:55] Dave dropped to ground: Plank
[DayZ] [13:32:18] juanman08 dropped to ground: DIY (Wood)
[DayZ] [13:32:18] juanman08 dropped to ground: DIY (Wood)
[DayZ] [13:32:18] juanman08 dropped to ground: DIY (Wood)
[DayZ] [13:32:19] juanman08 dropped to ground: DIY (Wood)
[DayZ] [13:32:19] juanman08 dropped to ground: DIY (Wood)
[DayZ] [13:32:19] juanman08 dropped to ground: DIY (Wood)
[DayZ] [13:32:19] juanman08 dropped to ground: Log
[DayZ] [13:32:19] juanman08 dropped to ground: Stone
[DayZ] [13:32:19] juanman08 dropped to ground: Stone
[DayZ] [13:32:20] juanman08 dropped to ground: Stone
[DayZ] [13:32:20] juanman08 dropped to ground: Plank
[DayZ] [13:32:20] juanman08 dropped to ground: Plank
[DayZ] [13:32:21] juanman08 dropped to ground: Plank
[DayZ] [13:36:21] Dave dropped to ground: Empty Gas Canister
[DayZ] [13:36:22] Dave dropped to ground: Empty Gas Canister
[DayZ] [13:49:17] Dave dropped to ground: Empty Water Bottle
[DayZ] [14:04:18] Dave dropped to ground: Tent
[DayZ] [14:04:19] Dave dropped to ground: Wire Fence
[DayZ] [14:04:25] juanman08 dropped to ground: Tire
[DayZ] [14:04:26] juanman08 dropped to ground: Tank Parts
[DayZ] [14:04:26] juanman08 dropped to ground: Windscreen Glass
[DayZ] [14:04:31] juanman08 picked up from ground: Tent
[DayZ] [14:06:32] Dave dropped to ground: DIY (Wood)
[DayZ] [14:06:33] Dave dropped to ground: DIY (Wood)
[DayZ] [14:06:40] Dave picked up from ground: Tent
[DayZ] [14:07:12] Dave picked up from ground: Tent
[DayZ] [14:07:22] juanman08 picked up from ground: Tank Parts
[DayZ] [14:07:37] juanman08 picked up from ground: Tire
[DayZ] [14:07:48] juanman08 picked up from ground: Windscreen Glass
[DayZ] [14:00:0] juanman08 picked up from ground: Wire Fence
[DayZ] [14:03:3] Dave picked up from ground: Tent
[DayZ] [14:04:4] juanman08 dropped to ground: Tire
[DayZ] [14:09:15] juanman08 picked up from ground: Tire
[DayZ] [14:09:43] juanman08 dropped to ground: Tank Parts
[DayZ] [14:09:47] juanman08 picked up from ground: Tent
[DayZ] [14:06:6] juanman08 picked up from ground: Tank Parts
[DayZ] [14:12:42] Dave dropped to ground: Wire Fence
[DayZ] [14:12:43] Dave dropped to ground: Wire Fence
[DayZ] [14:12:57] juanman08 picked up from ground: Wire Fence
[DayZ] [14:13:17] juanman08 picked up from ground: Wire Fence
[DayZ] [14:22:37] Dave dropped to ground: Empty Gas Canister
[DayZ] [14:22:38] Dave dropped to ground: Empty Gas Canister
[DayZ] [16:41:17] Items have been respawned.
[DayZ] [19:20:33] #000000TheThaFan dropped to ground: Flashlight
[DayZ] [19:50:34] #000000TheThaFan dropped to ground: Painkiller
[DayZ] [21:35:19] Items have been respawned.
[DayZ] [04:59:58] Items have been respawned.
[DayZ] [09:01:1] Items have been respawned.
[DayZ] [13:04:4] Items have been respawned.
[DayZ] [14:15:28] Dave dropped to ground: Stone
[DayZ] [14:15:28] Dave dropped to ground: Stone
[DayZ] [14:15:28] Dave dropped to ground: Stone
[DayZ] [14:15:28] Dave dropped to ground: Stone
[DayZ] [14:15:28] Dave dropped to ground: Stone
[DayZ] [14:15:28] Dave dropped to ground: Stone
[DayZ] [14:15:28] Dave dropped to ground: Stone
[DayZ] [14:15:29] Dave dropped to ground: Stone
[DayZ] [14:15:29] Dave dropped to ground: Stone
[DayZ] [14:15:29] Dave dropped to ground: Stone
[DayZ] [14:15:29] Dave dropped to ground: Stone
[DayZ] [14:15:29] Dave dropped to ground: Stone
[DayZ] [14:15:29] Dave dropped to ground: Stone
[DayZ] [14:15:30] Dave dropped to ground: Stone
[DayZ] [14:15:30] Dave dropped to ground: Stone
[DayZ] [14:15:30] Dave dropped to ground: Stone
[DayZ] [14:15:30] Dave dropped to ground: Stone
[DayZ] [14:15:30] Dave dropped to ground: Stone
[DayZ] [14:15:30] Dave dropped to ground: Stone
[DayZ] [14:15:31] Dave dropped to ground: Stone
[DayZ] [14:15:31] Dave dropped to ground: Plank
[DayZ] [14:15:31] Dave dropped to ground: Plank
[DayZ] [14:15:31] Dave dropped to ground: Plank
[DayZ] [14:15:31] Dave dropped to ground: Plank
[DayZ] [14:15:31] Dave dropped to ground: Plank
[DayZ] [14:15:32] Dave dropped to ground: Plank
[DayZ] [14:15:32] Dave dropped to ground: Plank
[DayZ] [14:15:32] Dave dropped to ground: Plank
[DayZ] [14:15:32] Dave dropped to ground: Plank
[DayZ] [14:15:32] Dave dropped to ground: Plank
[DayZ] [14:15:32] Dave dropped to ground: Plank
[DayZ] [14:15:32] Dave dropped to ground: Plank
[DayZ] [14:15:33] Dave dropped to ground: Plank
[DayZ] [14:15:33] Dave dropped to ground: Plank
[DayZ] [14:15:33] Dave dropped to ground: Plank
[DayZ] [14:15:33] Dave dropped to ground: Plank
[DayZ] [14:15:33] Dave dropped to ground: Plank
[DayZ] [14:15:33] Dave dropped to ground: Plank
[DayZ] [14:15:33] Dave dropped to ground: Plank
[DayZ] [14:15:34] Dave dropped to ground: Plank
[DayZ] [14:15:34] Dave dropped to ground: Flashlight
[DayZ] [14:15:36] Dave dropped to ground: Log
[DayZ] [14:15:36] Dave dropped to ground: Log
[DayZ] [14:15:36] Dave dropped to ground: Log
[DayZ] [14:15:36] Dave dropped to ground: Log
[DayZ] [14:15:36] Dave dropped to ground: Log
[DayZ] [14:15:36] Dave dropped to ground: Log
[DayZ] [14:15:37] Dave dropped to ground: Log
[DayZ] [14:15:37] Dave dropped to ground: Log
[DayZ] [14:15:37] Dave dropped to ground: Log
[DayZ] [14:15:37] Dave dropped to ground: Log
[DayZ] [14:15:38] Dave dropped to ground: Log
[DayZ] [14:15:38] Dave dropped to ground: Log
[DayZ] [14:15:38] Dave dropped to ground: Log
[DayZ] [14:15:38] Dave dropped to ground: Log
[DayZ] [14:15:38] Dave dropped to ground: Log
[DayZ] [14:15:38] Dave dropped to ground: Log
[DayZ] [14:15:38] Dave dropped to ground: Log
[DayZ] [14:15:39] Dave dropped to ground: Log
[DayZ] [14:15:39] Dave dropped to ground: Log
[DayZ] [14:15:39] Dave dropped to ground: Log
[DayZ] [14:15:40] Dave dropped to ground: DIY (Wood)
[DayZ] [14:15:40] Dave dropped to ground: DIY (Wood)
[DayZ] [14:15:40] Dave dropped to ground: DIY (Wood)
[DayZ] [14:15:41] Dave dropped to ground: Nails
[DayZ] [14:15:42] Dave dropped to ground: Nails
[DayZ] [14:15:42] Dave dropped to ground: Nails
[DayZ] [14:15:42] Dave dropped to ground: Nails
[DayZ] [14:15:42] Dave dropped to ground: Nails
[DayZ] [14:15:42] Dave dropped to ground: Nails
[DayZ] [14:15:42] Dave dropped to ground: Nails
[DayZ] [14:15:42] Dave dropped to ground: Nails
[DayZ] [14:15:43] Dave dropped to ground: Nails
[DayZ] [14:15:43] Dave dropped to ground: Nails
[DayZ] [14:15:43] Dave dropped to ground: Nails
[DayZ] [14:15:43] Dave dropped to ground: Nails
[DayZ] [14:15:43] Dave dropped to ground: Nails
[DayZ] [14:15:43] Dave dropped to ground: Nails
[DayZ] [14:15:43] Dave dropped to ground: Nails
[DayZ] [14:15:44] Dave dropped to ground: Nails
[DayZ] [14:15:44] Dave dropped to ground: Nails
[DayZ] [14:15:44] Dave dropped to ground: Nails
[DayZ] [14:15:44] Dave dropped to ground: Nails
[DayZ] [14:15:44] Dave dropped to ground: Nails
[DayZ] [14:15:44] Dave dropped to ground: DIY (Wood)
[DayZ] [14:15:45] Dave dropped to ground: DIY (Wood)
[DayZ] [14:15:45] Dave dropped to ground: DIY (Wood)
[DayZ] [14:15:45] Dave dropped to ground: DIY (Wood)
[DayZ] [14:15:45] Dave dropped to ground: DIY (Wood)
[DayZ] [14:15:45] Dave dropped to ground: DIY (Wood)
[DayZ] [14:15:45] Dave dropped to ground: DIY (Wood)
[DayZ] [14:15:46] Dave dropped to ground: DIY (Wood)
[DayZ] [14:15:46] Dave dropped to ground: DIY (Wood)
[DayZ] [14:15:46] Dave dropped to ground: DIY (Wood)
[DayZ] [14:15:46] Dave dropped to ground: DIY (Wood)
[DayZ] [14:15:46] Dave dropped to ground: DIY (Wood)
[DayZ] [14:15:46] Dave dropped to ground: DIY (Wood)
[DayZ] [14:15:46] Dave dropped to ground: DIY (Wood)
[DayZ] [14:15:47] Dave dropped to ground: DIY (Wood)
[DayZ] [14:15:47] Dave dropped to ground: DIY (Wood)
[DayZ] [14:15:47] Dave dropped to ground: DIY (Wood)
[DayZ] [14:17:43] edgaras dropped to ground: Bandage
[DayZ] [14:01:1] edgaras dropped to ground: PDW
[DayZ] [14:03:3] edgaras dropped to ground: 7.62x54mm Cartridge
[DayZ] [14:24:57] Dave dropped to ground: M1911
[DayZ] [14:24:58] Dave dropped to ground: 11.43x23mm Cartridge
[DayZ] [14:24:59] Dave dropped to ground: 11.43x23mm Cartridge
[DayZ] [14:24:59] Dave dropped to ground: 11.43x23mm Cartridge
[DayZ] [14:38:38] edgaras dropped to ground: Transfusion Kit
[DayZ] [14:38:53] edgaras dropped to ground: Blood Bag (Empty)
[DayZ] [17:23:16] Items have been respawned.
[DayZ] [17:27:59] Kaito dropped to ground: Bandage
[DayZ] [17:27:59] Kaito dropped to ground: Bandage
[DayZ] [20:01:1] juanman08 dropped to ground: Nails
[DayZ] [20:01:1] juanman08 dropped to ground: Nails
[DayZ] [20:01:1] juanman08 dropped to ground: Nails
[DayZ] [20:01:1] juanman08 dropped to ground: Nails
[DayZ] [20:02:2] juanman08 dropped to ground: Nails
[DayZ] [20:02:2] juanman08 dropped to ground: Nails
[DayZ] [20:02:2] juanman08 dropped to ground: Nails
[DayZ] [20:02:2] juanman08 dropped to ground: Nails
[DayZ] [20:02:2] juanman08 dropped to ground: DIY (Wood)
[DayZ] [20:02:2] juanman08 dropped to ground: DIY (Wood)
[DayZ] [20:03:3] juanman08 dropped to ground: DIY (Wood)
[DayZ] [20:03:3] juanman08 dropped to ground: DIY (Wood)
[DayZ] [20:03:3] juanman08 dropped to ground: DIY (Wood)
[DayZ] [20:03:3] juanman08 dropped to ground: DIY (Wood)
[DayZ] [20:03:3] juanman08 dropped to ground: DIY (Wood)
[DayZ] [20:04:4] juanman08 dropped to ground: DIY (Wood)
[DayZ] [20:04:4] juanman08 dropped to ground: DIY (Wood)
[DayZ] [20:04:4] juanman08 dropped to ground: DIY (Wood)
[DayZ] [20:04:4] juanman08 dropped to ground: DIY (Wood)
[DayZ] [20:04:4] juanman08 dropped to ground: DIY (Wood)
[DayZ] [20:05:5] juanman08 dropped to ground: DIY (Wood)
[DayZ] [20:05:5] juanman08 dropped to ground: DIY (Wood)
[DayZ] [20:05:5] juanman08 dropped to ground: DIY (Wood)
[DayZ] [20:06:6] juanman08 dropped to ground: DIY (Wood)
[DayZ] [20:06:6] juanman08 dropped to ground: DIY (Wood)
[DayZ] [20:06:6] juanman08 dropped to ground: Stone
[DayZ] [20:06:6] juanman08 dropped to ground: Stone
[DayZ] [20:07:7] juanman08 dropped to ground: Stone
[DayZ] [20:07:7] juanman08 dropped to ground: Stone
[DayZ] [20:51:35] juanman08 picked up from ground: DIY (Wood)
[DayZ] [20:51:45] juanman08 picked up from ground: Stone
[DayZ] [20:53:20] juanman08 picked up from ground: DIY (Wood)
[DayZ] [20:53:31] juanman08 picked up from ground: Stone
[DayZ] [20:04:4] juanman08 picked up from ground: DIY (Wood)
[DayZ] [20:55:10] juanman08 dropped to ground: 7.62x54mm Cartridge
[DayZ] [20:55:40] juanman08 dropped to ground: Bandage
[DayZ] [20:55:40] juanman08 dropped to ground: Bandage
[DayZ] [20:55:41] juanman08 dropped to ground: Painkiller
[DayZ] [20:55:42] juanman08 dropped to ground: Empty Water Bottle
[DayZ] [20:01:1] juanman08 picked up from ground: DIY (Wood)
[DayZ] [20:56:22] juanman08 picked up from ground: DIY (Wood)
[DayZ] [20:56:37] juanman08 picked up from ground: DIY (Wood)
[DayZ] [20:56:51] juanman08 picked up from ground: Nails
[DayZ] [20:05:5] juanman08 picked up from ground: Nails
[DayZ] [20:57:16] juanman08 picked up from ground: DIY (Wood)
[DayZ] [20:57:34] juanman08 picked up from ground: DIY (Wood)
[DayZ] [20:58:43] juanman08 picked up from ground: DIY (Wood)
[DayZ] [20:58:54] juanman08 picked up from ground: DIY (Wood)
[DayZ] [20:59:19] juanman08 picked up from ground: DIY (Wood)
[DayZ] [20:59:35] juanman08 picked up from ground: Nails
[DayZ] [20:59:48] juanman08 picked up from ground: Stone
[DayZ] [21:22:45] Dave dropped to ground: Tent
[DayZ] [21:05:5] juanman08 picked up from ground: Tent
[DayZ] [21:23:47] juanman08 dropped to ground: Map
[DayZ] [21:23:50] Dave picked up from ground: Map
[DayZ] [21:24:18] Items have been respawned.
[DayZ] [01:25:22] Items have been respawned.
[DayZ] [02:30:46] PinPollo dropped to ground: Bandage
[DayZ] [02:30:47] PinPollo dropped to ground: Bandage
[DayZ] [02:30:47] PinPollo dropped to ground: Painkiller
[DayZ] [02:37:59] #000000[I]ce~Hank dropped to ground: Revolver
[DayZ] [02:09:9] #000000[I]ce~Hank dropped to ground: Hunting Knife
[DayZ] [02:47:51] #000000[I]ce~Hank dropped to ground: 11.43x23mm Cartridge
[DayZ] [02:49:35] pinpoll dropped to ground: Crowbar
[DayZ] [02:58:20] pinpoll dropped to ground: 9x19mm Cartridge
[DayZ] [02:58:20] pinpoll dropped to ground: Bandage
[DayZ] [03:02:54] pinpoll dropped to ground: Empty Tin Can
[DayZ] [03:02:54] pinpoll dropped to ground: Map
[DayZ] [03:25:54] pinpoll dropped to ground: Nails
[DayZ] [03:27:27] Dave dropped to ground: Tent
[DayZ] [03:27:27] Dave dropped to ground: Tent
[DayZ] [03:27:28] Dave dropped to ground: Tent
[DayZ] [03:37:54] Dave dropped to ground: AK-74
[DayZ] [03:37:58] Dave dropped to ground: 5.45x39mm Cartridge
[DayZ] [03:37:59] Dave dropped to ground: 5.45x39mm Cartridge
[DayZ] [03:37:59] Dave dropped to ground: 5.45x39mm Cartridge
[DayZ] [03:37:59] Dave dropped to ground: 5.45x39mm Cartridge
[DayZ] [03:37:59] Dave dropped to ground: 5.45x39mm Cartridge
[DayZ] [03:37:59] Dave dropped to ground: 5.45x39mm Cartridge
[DayZ] [03:37:59] Dave dropped to ground: 5.45x39mm Cartridge
[DayZ] [03:37:59] Dave dropped to ground: 5.45x39mm Cartridge
[DayZ] [03:00:0] Dave dropped to ground: 5.45x39mm Cartridge
[DayZ] [03:00:0] Dave dropped to ground: 5.45x39mm Cartridge
[DayZ] [03:00:0] Dave dropped to ground: 5.45x39mm Cartridge
[DayZ] [03:00:0] Dave dropped to ground: 5.45x39mm Cartridge
[DayZ] [03:01:1] Dave dropped to ground: 5.45x39mm Cartridge
[DayZ] [03:01:1] Dave dropped to ground: 5.45x39mm Cartridge
[DayZ] [03:01:1] Dave dropped to ground: 5.56x45mm Cartridge
[DayZ] [03:01:1] Dave dropped to ground: 5.56x45mm Cartridge
[DayZ] [03:38:22] #000000[I]ce~Hank picked up from ground: Tent
[DayZ] [03:39:45] #000000[I]ce~Hank picked up from ground: AK-74
[DayZ] [03:39:55] #000000[I]ce~Hank picked up from ground: 5.45x39mm Cartridge
[DayZ] [03:40:13] #000000[I]ce~Hank picked up from ground: 5.45x39mm Cartridge
[DayZ] [03:40:44] #000000[I]ce~Hank picked up from ground: 5.45x39mm Cartridge
[DayZ] [03:40:56] #000000[I]ce~Hank picked up from ground: 5.45x39mm Cartridge
[DayZ] [03:06:6] #000000[I]ce~Hank picked up from ground: 5.45x39mm Cartridge
[DayZ] [03:41:32] pinpoll picked up from ground: Tent
[DayZ] [03:41:42] pinpoll picked up from ground: 5.45x39mm Cartridge
[DayZ] [03:41:54] pinpoll picked up from ground: 5.45x39mm Cartridge
[DayZ] [03:05:5] #000000[I]ce~Hank picked up from ground: Tent
[DayZ] [03:06:6] pinpoll picked up from ground: 5.56x45mm Cartridge
[DayZ] [03:42:17] pinpoll picked up from ground: 5.56x45mm Cartridge
[DayZ] [03:42:27] pinpoll picked up from ground: 5.45x39mm Cartridge
[DayZ] [03:42:40] pinpoll picked up from ground: 5.45x39mm Cartridge
[DayZ] [03:42:52] pinpoll picked up from ground: 5.45x39mm Cartridge
[DayZ] [03:02:2] pinpoll picked up from ground: 5.45x39mm Cartridge
[DayZ] [03:43:15] pinpoll picked up from ground: 5.45x39mm Cartridge
[DayZ] [03:43:26] pinpoll picked up from ground: 5.45x39mm Cartridge
[DayZ] [03:43:36] pinpoll picked up from ground: 5.45x39mm Cartridge
[DayZ] [03:55:37] #000000[I]ce~Hank dropped to ground: Bandage
[DayZ] [06:02:39] edgaras19 dropped to ground: M1911
[DayZ] [06:02:48] edgaras19 picked up from ground: M1911
[DayZ] [06:09:9] edgaras19 dropped to ground: 5.45x39mm Cartridge
[DayZ] [07:47:10] Items have been respawned.
[DayZ] [11:48:12] Items have been respawned.
[DayZ] [15:49:15] Items have been respawned.
[DayZ] [16:13:51] WILLIAM dropped to ground: Log
[DayZ] [16:14:47] WILLIAM dropped to ground: Pasta
[DayZ] [16:14:50] WILLIAM dropped to ground: Heat Pack
[DayZ] [16:15:13] pinpoll dropped to ground: Makarov PM
[DayZ] [16:15:22] pinpoll dropped to ground: Assault Pack (ACU)
[DayZ] [16:15:26] WILLIAM dropped to ground: Bandage
[DayZ] [16:15:26] WILLIAM dropped to ground: Bandage
[DayZ] [16:15:27] WILLIAM dropped to ground: Painkiller
[DayZ] [16:15:28] WILLIAM dropped to ground: Morphine
[DayZ] [16:15:29] WILLIAM dropped to ground: Watch
[DayZ] [16:15:29] WILLIAM dropped to ground: Flashlight
[DayZ] [16:15:52] WILLIAM picked up from ground: Pasta
[DayZ] [16:16:24] WILLIAM picked up from ground: Heat Pack
[DayZ] [16:16:35] WILLIAM picked up from ground: Bandage
[DayZ] [16:16:50] WILLIAM picked up from ground: Painkiller
[DayZ] [16:16:53] pinpoll dropped to ground: 5.45x39mm Cartridge
[DayZ] [16:16:54] pinpoll dropped to ground: 5.45x39mm Cartridge
[DayZ] [16:16:54] pinpoll dropped to ground: 5.45x39mm Cartridge
[DayZ] [16:16:55] pinpoll dropped to ground: 5.45x39mm Cartridge
[DayZ] [16:16:58] pinpoll dropped to ground: 5.56x45mm Cartridge
[DayZ] [16:01:1] WILLIAM picked up from ground: Morphine
[DayZ] [16:17:14] WILLIAM picked up from ground: Watch
[DayZ] [16:17:17] WILLIAM picked up from ground: Bandage
[DayZ] [16:17:28] WILLIAM picked up from ground: Log
[DayZ] [16:18:37] WILLIAM dropped to ground: Pasta
[DayZ] [16:18:38] WILLIAM dropped to ground: Bandage
[DayZ] [16:18:38] WILLIAM dropped to ground: Bandage
[DayZ] [16:18:39] WILLIAM dropped to ground: Heat Pack
[DayZ] [16:18:39] WILLIAM dropped to ground: Painkiller
[DayZ] [16:18:40] WILLIAM dropped to ground: Morphine
[DayZ] [16:18:40] WILLIAM dropped to ground: Log
[DayZ] [16:18:43] WILLIAM dropped to ground: Watch
[DayZ] [16:19:26] WILLIAM picked up from ground: Bandage
[DayZ] [16:19:36] WILLIAM picked up from ground: Morphine
[DayZ] [16:19:53] WILLIAM dropped to ground: Bandage
[DayZ] [16:19:54] WILLIAM dropped to ground: Morphine
[DayZ] [16:00:0] WILLIAM picked up from ground: Pasta
[DayZ] [16:20:24] WILLIAM picked up from ground: Watch
[DayZ] [16:20:32] WILLIAM dropped to ground: Watch
[DayZ] [16:20:38] WILLIAM picked up from ground: Painkiller
[DayZ] [17:18:48] Dave dropped to ground: Compound Crossbow
[DayZ] [17:18:52] Dave dropped to ground: Bolt
[DayZ] [17:18:53] Dave dropped to ground: Bolt
[DayZ] [17:18:54] Dave dropped to ground: Bolt
[DayZ] [17:21:31] Dave dropped to ground: AK-74
[DayZ] [17:21:32] Dave dropped to ground: Binoculars
[DayZ] [17:21:34] Dave dropped to ground: 5.45x39mm Cartridge
[DayZ] [17:21:35] Dave dropped to ground: Bandage
[DayZ] [17:21:36] Dave dropped to ground: Bandage
[DayZ] [17:21:36] Dave dropped to ground: Painkiller
[DayZ] [17:21:37] Dave dropped to ground: Map
[DayZ] [17:21:37] Dave dropped to ground: GPS
[DayZ] [17:21:38] Dave dropped to ground: Flashlight
[DayZ] [17:22:31] Dave dropped to ground: Grenade
[DayZ] [17:22:31] Dave dropped to ground: Grenade
[DayZ] [17:26:41] Dave dropped to ground: DIY (Wood)
[DayZ] [17:26:42] Dave dropped to ground: DIY (Wood)
[DayZ] [17:26:43] Dave dropped to ground: Plank
[DayZ] [17:26:47] Dave dropped to ground: Bizon PP-19 SD
[DayZ] [17:26:52] Dave picked up from ground: Bizon PP-19 SD
[DayZ] [19:09:9] #000000[I]ce~Hank dropped to ground: Wood Pile
[DayZ] [19:32:10] #000000[I]ce~Hank dropped to ground: Wood Pile
[DayZ] [19:35:27] #000000[I]ce~Hank dropped to ground: Remington 870
[DayZ] [19:38:39] Dave dropped to ground: Bizon PP-19 SD
[DayZ] [19:38:39] Dave dropped to ground: 9x18mm Cartridge
[DayZ] [19:38:40] Dave dropped to ground: 9x18mm Cartridge
[DayZ] [19:38:40] Dave dropped to ground: 9x18mm Cartridge
[DayZ] [19:38:40] Dave dropped to ground: 9x18mm Cartridge
[DayZ] [19:38:40] Dave dropped to ground: 9x18mm Cartridge
[DayZ] [19:38:41] Dave dropped to ground: 9x18mm Cartridge
[DayZ] [19:41:32] #000000[I]ce~Hank dropped to ground: 11.43x23mm Cartridge
[DayZ] [19:41:36] #000000[I]ce~Hank dropped to ground: .303 British Cartridge
[DayZ] [19:03:3] #000000[I]ce~Hank picked up from ground: 9x18mm Cartridge
[DayZ] [19:42:14] #000000[I]ce~Hank picked up from ground: 9x18mm Cartridge
[DayZ] [19:53:32] Dave dropped to ground: Remington 870
[DayZ] [19:53:38] Dave dropped to ground: Makarov SD
[DayZ] [20:02:57] #000000[I]ce~Hank dropped to ground: .303 British Cartridge
[DayZ] [20:05:5] #000000[I]ce~Hank dropped to ground: 9x19mm Cartridge
[DayZ] [20:05:20] Dave dropped to ground: Morphine
[DayZ] [20:05:24] Dave picked up from ground: Morphine
[DayZ] [20:09:59] #000000[I]ce~Hank dropped to ground: Heat Pack
[DayZ] [20:00:0] #000000[I]ce~Hank dropped to ground: Painkiller
[DayZ] [20:06:6] #000000[I]ce~Hank dropped to ground: Bandage
[DayZ] [20:14:30] #000000[I]ce~Hank dropped to ground: Antibiotics
[DayZ] [20:14:31] #000000[I]ce~Hank dropped to ground: Morphine
[DayZ] [20:14:32] #000000[I]ce~Hank dropped to ground: Epi-Pen
[DayZ] [20:14:40] #000000[I]ce~Hank dropped to ground: MP5A5
[DayZ] [20:02:2] #000000[I]ce~Hank dropped to ground: Plank
[DayZ] [20:03:3] #000000[I]ce~Hank dropped to ground: Plank
[DayZ] [20:03:3] #000000[I]ce~Hank dropped to ground: Plank
[DayZ] [20:42:43] #000000[I]ce~Hank dropped to ground: Blood Bag (Empty)
[DayZ] [21:34:31] #000000[I]ce~Hank picked up from ground: Wood Pile
[DayZ] [21:34:41] #000000[I]ce~Hank dropped to ground: Wood Pile
[DayZ] [04:07:7] Items have been respawned.
[DayZ] [08:09:9] Items have been respawned.
[DayZ] [12:12:12] Items have been respawned.
[DayZ] [15:23:43] Dave dropped to ground: Flashlight
[DayZ] [15:32:32] kazadorcris picked up from ground: Wood Pile
[DayZ] [15:32:46] kazadorcris picked up from ground: Wood Pile
[DayZ] [15:51:24] pinpoll dropped to ground: Engine
[DayZ] [15:54:19] pinpoll dropped to ground: Plank
[DayZ] [15:54:52] pinpoll dropped to ground: British Assault Pack
[DayZ] [15:56:37] pinpoll dropped to ground: Lee Enfield
[DayZ] [16:00:23] Dave dropped to ground: DIY (Wood)
[DayZ] [16:00:24] Dave dropped to ground: Nails
[DayZ] [16:00:26] Dave dropped to ground: Log
[DayZ] [16:00:0] kazadorcris picked up from ground: Log
[DayZ] [16:01:34] kazadorcris picked up from ground: Nails
[DayZ] [16:01:51] kazadorcris picked up from ground: DIY (Wood)
[DayZ] [16:08:12] #000000[I]ce~Hank dropped to ground: Map
[DayZ] [16:08:23] #000000[I]ce~Hank picked up from ground: Map
[DayZ] [16:13:14] Items have been respawned.
[DayZ] [16:13:59] #000000[I]ce~Hank dropped to ground: Map
[DayZ] [16:05:5] pinpoll picked up from ground: Map
[DayZ] [16:19:44] pinpoll dropped to ground: M9
[DayZ] [16:29:18] #000000[I]ce~Hank dropped to ground: Watch
[DayZ] [16:29:20] #000000[I]ce~Hank dropped to ground: GPS
[DayZ] [16:29:52] #000000[I]ce~Hank dropped to ground: Flashlight
[DayZ] [18:01:1] Dave dropped to ground: Flashlight
[DayZ] [18:36:13] Dave dropped to ground: Bandage
[DayZ] [18:36:14] Dave dropped to ground: Painkiller
